#
# A fatal error has been detected by the Java Runtime Environment:
#
#  SIGSEGV (0xb) at pc=0x00007f7ee06d8241, pid=26140, tid=0x00007f7edd301700
#
# JRE version: Java(TM) SE Runtime Environment (8.0_211-b12) (build 1.8.0_211-b12)
# Java VM: Java HotSpot(TM) 64-Bit Server VM (25.211-b12 mixed mode linux-amd64 compressed oops)
# Problematic frame:
# V  [libjvm.so+0x648241]  oopDesc::size_given_klass(Klass*)+0x1
#
# Failed to write core dump. Core dumps have been disabled. To enable core dumping, try "ulimit -c unlimited" before starting Java again
#
# If you would like to submit a bug report, please visit:
#   http://bugreport.java.com/bugreport/crash.jsp
#

---------------  T H R E A D  ---------------

Current thread (0x00007f7ed802a000):  GCTaskThread [stack: 0x00007f7edd202000,0x00007f7edd302000] [id=26144]

siginfo: si_signo: 11 (SIGSEGV), si_code: 1 (SEGV_MAPERR), si_addr: 0x0000000000000090

Registers:
RAX=0x00007f7ee1028da0, RBX=0x00000000848f5ad0, RCX=0x0000000000000003, RDX=0x00000000000087ad
RSP=0x00007f7edd300b80, RBP=0x00007f7edd300be0, RSI=0x0000000000000088, RDI=0x00000000848f5ad0
R8 =0x00007f7ee105bd80, R9 =0x0000000000000021, R10=0x0000000000000010, R11=0x00007f7ec0203c68
R12=0x00007f7ed8084bc0, R13=0x00000000848f1ac4, R14=0x000000010001c538, R15=0x00000000848f1acc
RIP=0x00007f7ee06d8241, EFLAGS=0x0000000000010206, CSGSFS=0x002b000000000033, ERR=0x0000000000000004
  TRAPNO=0x000000000000000e

Top of Stack: (sp=0x00007f7edd300b80)
0x00007f7edd300b80:   00007f7edd300be0 00007f7ee06d4eb4
0x00007f7edd300b90:   00000000848f1ab0 000000010001c540
0x00007f7edd300ba0:   00007f7ee105bd80 0000000000000003
0x00007f7edd300bb0:   00007f7ed8084bc0 00007f7ed8084bc0
0x00007f7edd300bc0:   00007f7ee1057f8c 00007f7ed8036e10
0x00007f7edd300bd0:   00007f7ed802a570 00007f7ed802a5c0
0x00007f7edd300be0:   00007f7edd300cb0 00007f7ee0a04ebf
0x00007f7edd300bf0:   00007f7edd300c50 0000000000000000
0x00007f7edd300c00:   00007f7ed8084bd0 00007f7edd300c20
0x00007f7edd300c10:   00007f7ed8085680 0000000000000000
0x00007f7edd300c20:   000000000000007c 00000000848f1ab0
0x00007f7edd300c30:   00007f7ed802b128 00007f7e00000000
0x00007f7edd300c40:   0000097a000003ca 0000000000000c00
0x00007f7edd300c50:   0000097b000003ca 0000000000000000
0x00007f7edd300c60:   00007f7edd300c00 00007f7e50afb000
0x00007f7edd300c70:   00007f7ed802b101 00007f7ed802b101
0x00007f7edd300c80:   00007f7ed8027c10 00007f7edd300cf0
0x00007f7edd300c90:   00007f7ed802a5b0 00007f7ed8036e10
0x00007f7edd300ca0:   00007f7ed802a570 00007f7ed802a5c0
0x00007f7edd300cb0:   00007f7edd300da0 00007f7ee09e75e5
0x00007f7edd300cc0:   00007f7ed80856e8 00000000000003d8
0x00007f7edd300cd0:   00007f7ed8084bc0 00007f7ee0f838e8
0x00007f7edd300ce0:   0000000100000000 00007f7ed802a998
0x00007f7edd300cf0:   00007f7ee0f86920 00000001d802a000
0x00007f7edd300d00:   00007f7ed8084bc0 00007f7ed803597c
0x00007f7edd300d10:   00007f7ee0f83978 00007f7ed8035900
0x00007f7edd300d20:   00007f7edd300cf0 00007f7ed8035900
0x00007f7edd300d30:   00007f7ee0f83900 00007f7ed8036e00
0x00007f7edd300d40:   00007f7edd300cf0 00007f7ee0f838e8
0x00007f7edd300d50:   00007f7ed8027b00 00007f7edd300cf0
0x00007f7edd300d60:   00007f7edd300d01 00007f7ee0651ad6
0x00007f7edd300d70:   00007f7ed802a000 0000000000000001 

Instructions: (pc=0x00007f7ee06d8241)
0x00007f7ee06d8221:   5d c3 0f 1f 44 00 00 48 8d 35 91 f7 4c 00 bf 03
0x00007f7ee06d8231:   00 00 00 e8 f7 b6 12 00 eb 9d 0f 1f 44 00 00 55
0x00007f7ee06d8241:   8b 46 08 48 89 f2 48 89 e5 83 f8 00 7e 11 a8 01
0x00007f7ee06d8251:   75 0f c1 f8 03 5d c3 0f 1f 84 00 00 00 00 00 75 

Register to memory mapping:

RAX=0x00007f7ee1028da0: <offset 0xf98da0> in /usr/lib/jvm/jdk1.8.0_211/jre/lib/amd64/server/libjvm.so at 0x00007f7ee0090000
RBX=0x00000000848f5ad0 is pointing into object: 0x00000000848f5a80
[I 
 - klass: {type array int}
 - length: 18
RCX=0x0000000000000003 is an unknown value
RDX=0x00000000000087ad is an unknown value
RSP=0x00007f7edd300b80 is an unknown value
RBP=0x00007f7edd300be0 is an unknown value
RSI=0x0000000000000088 is an unknown value
RDI=0x00000000848f5ad0 is pointing into object: 0x00000000848f5a80
[I 
 - klass: {type array int}
 - length: 18
R8 =0x00007f7ee105bd80: <offset 0xfcbd80> in /usr/lib/jvm/jdk1.8.0_211/jre/lib/amd64/server/libjvm.so at 0x00007f7ee0090000
R9 =0x0000000000000021 is an unknown value
R10=0x0000000000000010 is an unknown value
R11=0x00007f7ec0203c68 is an unknown value
R12=0x00007f7ed8084bc0 is an unknown value
R13=0x00000000848f1ac4 is pointing into object: 0x00000000848f1ab0
java.util.HashMap$Node 
 - klass: 'java/util/HashMap$Node'
R14=0x000000010001c538 is pointing into metadata
R15=0x00000000848f1acc is pointing into object: 0x00000000848f1ab0
java.util.HashMap$Node 
 - klass: 'java/util/HashMap$Node'


Stack: [0x00007f7edd202000,0x00007f7edd302000],  sp=0x00007f7edd300b80,  free space=1018k
Native frames: (J=compiled Java code, j=interpreted, Vv=VM code, C=native code)
V  [libjvm.so+0x648241]  oopDesc::size_given_klass(Klass*)+0x1
V  [libjvm.so+0x974ebf]  ParCompactionManager::follow_marking_stacks()+0xdf
V  [libjvm.so+0x9575e5]  ThreadRootsMarkingTask::do_it(GCTaskManager*, unsigned int)+0x165
V  [libjvm.so+0x5c3816]  GCTaskThread::run()+0x1b6
V  [libjvm.so+0x90d952]  java_start(Thread*)+0x102


---------------  P R O C E S S  ---------------

Java Threads: ( => current thread )
  0x00007f7e28001800 JavaThread "HikariPool-1 connection adder" daemon [_thread_blocked, id=26196, stack(0x00007f7ea3dfe000,0x00007f7ea3eff000)]
  0x00007f7e50bca800 JavaThread "HikariPool-1 housekeeper" daemon [_thread_blocked, id=26195, stack(0x00007f7ea3eff000,0x00007f7ea4000000)]
  0x00007f7e50afb000 JavaThread "container-0" [_thread_blocked, id=26194, stack(0x00007f7ea82f8000,0x00007f7ea83f9000)]
  0x00007f7e50af6000 JavaThread "ContainerBackgroundProcessor[StandardEngine[Tomcat]]" daemon [_thread_blocked, id=26193, stack(0x00007f7ea83f9000,0x00007f7ea84fa000)]
  0x00007f7e68019000 JavaThread "SimplePauseDetectorThread_0" daemon [_thread_blocked, id=26192, stack(0x00007f7ea86fa000,0x00007f7ea87fb000)]
  0x00007f7e68017000 JavaThread "Thread-6" daemon [_thread_blocked, id=26191, stack(0x00007f7ea87fb000,0x00007f7ea88fc000)]
  0x00007f7e50acf000 JavaThread "Abandoned connection cleanup thread" daemon [_thread_blocked, id=26190, stack(0x00007f7ea88fc000,0x00007f7ea89fd000)]
  0x00007f7e4443f000 JavaThread "JMX server connection timeout 25" daemon [_thread_blocked, id=26188, stack(0x00007f7ea8dfd000,0x00007f7ea8efe000)]
  0x00007f7e4443d000 JavaThread "RMI Scheduler(0)" daemon [_thread_blocked, id=26187, stack(0x00007f7ea8efe000,0x00007f7ea8fff000)]
  0x00007f7e54002000 JavaThread "RMI TCP Connection(1)-127.0.0.1" daemon [_thread_in_native, id=26186, stack(0x00007f7eb128d000,0x00007f7eb138e000)]
  0x00007f7e88001000 JavaThread "Attach Listener" daemon [_thread_blocked, id=26182, stack(0x00007f7eb06f7000,0x00007f7eb07f8000)]
  0x00007f7e4c005000 JavaThread "restartedMain" [_thread_blocked, id=26179, stack(0x00007f7eb138e000,0x00007f7eb148f000)]
  0x00007f7ed88e7800 JavaThread "Thread-1" [_thread_blocked, id=26178, stack(0x00007f7eb148f000,0x00007f7eb1590000)]
  0x00007f7ed860f000 JavaThread "RMI TCP Accept-0" daemon [_thread_in_native, id=26176, stack(0x00007f7eb18bc000,0x00007f7eb19bd000)]
  0x00007f7ed85da800 JavaThread "RMI TCP Accept-33251" daemon [_thread_in_native, id=26175, stack(0x00007f7eb19c7000,0x00007f7eb1ac8000)]
  0x00007f7ed85bd000 JavaThread "RMI TCP Accept-0" daemon [_thread_in_native, id=26174, stack(0x00007f7eb1ac8000,0x00007f7eb1bc9000)]
  0x00007f7ed80ed000 JavaThread "Service Thread" daemon [_thread_blocked, id=26173, stack(0x00007f7eb24e2000,0x00007f7eb25e3000)]
  0x00007f7ed80e2000 JavaThread "C1 CompilerThread3" daemon [_thread_blocked, id=26172, stack(0x00007f7eb25e4000,0x00007f7eb26e4000)]
  0x00007f7ed80df800 JavaThread "C2 CompilerThread2" daemon [_thread_blocked, id=26171, stack(0x00007f7eb26e5000,0x00007f7eb27e5000)]
  0x00007f7ed80de000 JavaThread "C2 CompilerThread1" daemon [_thread_blocked, id=26170, stack(0x00007f7eb27e6000,0x00007f7eb28e6000)]
  0x00007f7ed80db000 JavaThread "C2 CompilerThread0" daemon [_thread_blocked, id=26169, stack(0x00007f7eb28e7000,0x00007f7eb29e7000)]
  0x00007f7e7c001000 JavaThread "JDWP Command Reader" daemon [_thread_in_native, id=26166, stack(0x00007f7eb29e7000,0x00007f7eb2ae8000)]
  0x00007f7ed80d8800 JavaThread "JDWP Event Helper Thread" daemon [_thread_blocked, id=26165, stack(0x00007f7eb2ae8000,0x00007f7eb2be9000)]
  0x00007f7ed80d5000 JavaThread "JDWP Transport Listener: dt_socket" daemon [_thread_blocked, id=26163, stack(0x00007f7eb2be9000,0x00007f7eb2cea000)]
  0x00007f7ed80c7000 JavaThread "Signal Dispatcher" daemon [_thread_blocked, id=26160, stack(0x00007f7eb2eef000,0x00007f7eb2ff0000)]
  0x00007f7ed8095000 JavaThread "Finalizer" daemon [_thread_blocked, id=26153, stack(0x00007f7eb2ff0000,0x00007f7eb30f1000)]
  0x00007f7ed8092800 JavaThread "Reference Handler" daemon [_thread_blocked, id=26152, stack(0x00007f7eb30f1000,0x00007f7eb31f2000)]
  0x00007f7ed8012800 JavaThread "main" [_thread_blocked, id=26142, stack(0x00007f7ee1b93000,0x00007f7ee1c93000)]

Other Threads:
  0x00007f7ed8088800 VMThread [stack: 0x00007f7eb31f3000,0x00007f7eb32f3000] [id=26151]
  0x00007f7ed8611800 WatcherThread [stack: 0x00007f7eb17bc000,0x00007f7eb18bc000] [id=26177]

=>0x00007f7ed802a000 (exited) GCTaskThread [stack: 0x00007f7edd202000,0x00007f7edd302000] [id=26144]

VM state:at safepoint (normal execution)

VM Mutex/Monitor currently owned by a thread:  ([mutex/lock_event])
[0x00007f7ed800eaf0] Threads_lock - owner thread: 0x00007f7ed8088800
[0x00007f7ed800eff0] Heap_lock - owner thread: 0x00007f7e4c005000

heap address: 0x0000000083800000, size: 1992 MB, Compressed Oops mode: 32-bit
Narrow klass base: 0x0000000000000000, Narrow klass shift: 3
Compressed class space size: 1073741824 Address: 0x0000000100000000

Heap:
 PSYoungGen      total 241664K, used 12943K [0x00000000d6800000, 0x00000000e8800000, 0x0000000100000000)
  eden space 223232K, 0% used [0x00000000d6800000,0x00000000d6800000,0x00000000e4200000)
  from space 18432K, 70% used [0x00000000e4200000,0x00000000e4ea3c78,0x00000000e5400000)
  to   space 18944K, 0% used [0x00000000e7580000,0x00000000e7580000,0x00000000e8800000)
 ParOldGen       total 93184K, used 26463K [0x0000000083800000, 0x0000000089300000, 0x00000000d6800000)
  object space 93184K, 28% used [0x0000000083800000,0x00000000851d7fe0,0x0000000089300000)
 Metaspace       used 55900K, capacity 58982K, committed 59096K, reserved 1099776K
  class space    used 7866K, capacity 8417K, committed 8448K, reserved 1048576K

Card table byte_map: [0x00007f7edd69b000,0x00007f7edda80000] byte_map_base: 0x00007f7edd27f000

Marking Bits: (ParMarkBitMap*) 0x00007f7ee105bd80
 Begin Bits: [0x00007f7ec01c0000, 0x00007f7ec20e0000)
 End Bits:   [0x00007f7ec20e0000, 0x00007f7ec4000000)

Polling page: 0x00007f7ee1ccb000

CodeCache: size=245760Kb used=10806Kb max_used=10806Kb free=234953Kb
 bounds [0x00007f7ec9000000, 0x00007f7ec9a90000, 0x00007f7ed8000000]
 total_blobs=5945 nmethods=5396 adapters=470
 compilation: enabled

Compilation events (10 events):
Event: 7,074 Thread 0x00007f7ed80e2000 5398       1       org.springframework.cglib.core.ClassEmitter::end_class (82 bytes)
Event: 7,074 Thread 0x00007f7ed80e2000 nmethod 5398 0x00007f7ec9a87e90 code [0x00007f7ec9a88060, 0x00007f7ec9a88398]
Event: 7,078 Thread 0x00007f7ed80e2000 5399       1       org.springframework.beans.factory.support.AbstractBeanFactory::containsBean (72 bytes)
Event: 7,078 Thread 0x00007f7ed80e2000 nmethod 5399 0x00007f7ec9a88610 code [0x00007f7ec9a887e0, 0x00007f7ec9a88b98]
Event: 7,111 Thread 0x00007f7ed80e2000 5400       1       org.springframework.core.convert.TypeDescriptor::isArray (8 bytes)
Event: 7,111 Thread 0x00007f7ed80e2000 nmethod 5400 0x00007f7ec9a88e90 code [0x00007f7ec9a89000, 0x00007f7ec9a89148]
Event: 7,142 Thread 0x00007f7ed80e2000 5401       1       java.util.regex.Pattern::escape (1151 bytes)
Event: 7,145 Thread 0x00007f7ed80e2000 nmethod 5401 0x00007f7ec9a89210 code [0x00007f7ec9a89700, 0x00007f7ec9a8bd78]
Event: 7,145 Thread 0x00007f7ed80e2000 5402       1       java.security.Provider$ServiceKey::hashCode (16 bytes)
Event: 7,146 Thread 0x00007f7ed80e2000 nmethod 5402 0x00007f7ec9a8d790 code [0x00007f7ec9a8d900, 0x00007f7ec9a8da78]

GC Heap History (10 events):
Event: 3,412 GC heap after
Heap after GC invocations=9 (full 1):
 PSYoungGen      total 179200K, used 10736K [0x00000000d6800000, 0x00000000e4880000, 0x0000000100000000)
  eden space 168448K, 0% used [0x00000000d6800000,0x00000000d6800000,0x00000000e0c80000)
  from space 10752K, 99% used [0x00000000e1b80000,0x00000000e25fc348,0x00000000e2600000)
  to   space 15360K, 0% used [0x00000000e0c80000,0x00000000e0c80000,0x00000000e1b80000)
 ParOldGen       total 51712K, used 14366K [0x0000000083800000, 0x0000000086a80000, 0x00000000d6800000)
  object space 51712K, 27% used [0x0000000083800000,0x0000000084607908,0x0000000086a80000)
 Metaspace       used 32028K, capacity 33684K, committed 33920K, reserved 1079296K
  class space    used 4346K, capacity 4672K, committed 4736K, reserved 1048576K
}
Event: 3,800 GC heap before
{Heap before GC invocations=10 (full 1):
 PSYoungGen      total 179200K, used 80858K [0x00000000d6800000, 0x00000000e4880000, 0x0000000100000000)
  eden space 168448K, 41% used [0x00000000d6800000,0x00000000dac7a7c8,0x00000000e0c80000)
  from space 10752K, 99% used [0x00000000e1b80000,0x00000000e25fc348,0x00000000e2600000)
  to   space 15360K, 0% used [0x00000000e0c80000,0x00000000e0c80000,0x00000000e1b80000)
 ParOldGen       total 51712K, used 14366K [0x0000000083800000, 0x0000000086a80000, 0x00000000d6800000)
  object space 51712K, 27% used [0x0000000083800000,0x0000000084607908,0x0000000086a80000)
 Metaspace       used 33548K, capacity 35410K, committed 35456K, reserved 1079296K
  class space    used 4587K, capacity 4961K, committed 4992K, reserved 1048576K
Event: 3,814 GC heap after
Heap after GC invocations=10 (full 1):
 PSYoungGen      total 183808K, used 11098K [0x00000000d6800000, 0x00000000e6600000, 0x0000000100000000)
  eden space 168448K, 0% used [0x00000000d6800000,0x00000000d6800000,0x00000000e0c80000)
  from space 15360K, 72% used [0x00000000e0c80000,0x00000000e1756860,0x00000000e1b80000)
  to   space 15872K, 0% used [0x00000000e5680000,0x00000000e5680000,0x00000000e6600000)
 ParOldGen       total 51712K, used 16311K [0x0000000083800000, 0x0000000086a80000, 0x00000000d6800000)
  object space 51712K, 31% used [0x0000000083800000,0x00000000847ede38,0x0000000086a80000)
 Metaspace       used 33548K, capacity 35410K, committed 35456K, reserved 1079296K
  class space    used 4587K, capacity 4961K, committed 4992K, reserved 1048576K
}
Event: 3,814 GC heap before
{Heap before GC invocations=11 (full 2):
 PSYoungGen      total 183808K, used 11098K [0x00000000d6800000, 0x00000000e6600000, 0x0000000100000000)
  eden space 168448K, 0% used [0x00000000d6800000,0x00000000d6800000,0x00000000e0c80000)
  from space 15360K, 72% used [0x00000000e0c80000,0x00000000e1756860,0x00000000e1b80000)
  to   space 15872K, 0% used [0x00000000e5680000,0x00000000e5680000,0x00000000e6600000)
 ParOldGen       total 51712K, used 16311K [0x0000000083800000, 0x0000000086a80000, 0x00000000d6800000)
  object space 51712K, 31% used [0x0000000083800000,0x00000000847ede38,0x0000000086a80000)
 Metaspace       used 33548K, capacity 35410K, committed 35456K, reserved 1079296K
  class space    used 4587K, capacity 4961K, committed 4992K, reserved 1048576K
Event: 3,943 GC heap after
Heap after GC invocations=11 (full 2):
 PSYoungGen      total 183808K, used 0K [0x00000000d6800000, 0x00000000e6600000, 0x0000000100000000)
  eden space 168448K, 0% used [0x00000000d6800000,0x00000000d6800000,0x00000000e0c80000)
  from space 15360K, 0% used [0x00000000e0c80000,0x00000000e0c80000,0x00000000e1b80000)
  to   space 15872K, 0% used [0x00000000e5680000,0x00000000e5680000,0x00000000e6600000)
 ParOldGen       total 93184K, used 20874K [0x0000000083800000, 0x0000000089300000, 0x00000000d6800000)
  object space 93184K, 22% used [0x0000000083800000,0x0000000084c62ac8,0x0000000089300000)
 Metaspace       used 33548K, capacity 35410K, committed 35456K, reserved 1079296K
  class space    used 4587K, capacity 4961K, committed 4992K, reserved 1048576K
}
Event: 5,576 GC heap before
{Heap before GC invocations=12 (full 2):
 PSYoungGen      total 183808K, used 168448K [0x00000000d6800000, 0x00000000e6600000, 0x0000000100000000)
  eden space 168448K, 100% used [0x00000000d6800000,0x00000000e0c80000,0x00000000e0c80000)
  from space 15360K, 0% used [0x00000000e0c80000,0x00000000e0c80000,0x00000000e1b80000)
  to   space 15872K, 0% used [0x00000000e5680000,0x00000000e5680000,0x00000000e6600000)
 ParOldGen       total 93184K, used 20874K [0x0000000083800000, 0x0000000089300000, 0x00000000d6800000)
  object space 93184K, 22% used [0x0000000083800000,0x0000000084c62ac8,0x0000000089300000)
 Metaspace       used 47889K, capacity 50010K, committed 50176K, reserved 1091584K
  class space    used 6708K, capacity 7109K, committed 7168K, reserved 1048576K
Event: 5,591 GC heap after
Heap after GC invocations=12 (full 2):
 PSYoungGen      total 225792K, used 15845K [0x00000000d6800000, 0x00000000e6600000, 0x0000000100000000)
  eden space 209920K, 0% used [0x00000000d6800000,0x00000000d6800000,0x00000000e3500000)
  from space 15872K, 99% used [0x00000000e5680000,0x00000000e65f97b8,0x00000000e6600000)
  to   space 18432K, 0% used [0x00000000e4200000,0x00000000e4200000,0x00000000e5400000)
 ParOldGen       total 93184K, used 21294K [0x0000000083800000, 0x0000000089300000, 0x00000000d6800000)
  object space 93184K, 22% used [0x0000000083800000,0x0000000084ccb960,0x0000000089300000)
 Metaspace       used 47889K, capacity 50010K, committed 50176K, reserved 1091584K
  class space    used 6708K, capacity 7109K, committed 7168K, reserved 1048576K
}
Event: 7,169 GC heap before
{Heap before GC invocations=13 (full 2):
 PSYoungGen      total 225792K, used 173850K [0x00000000d6800000, 0x00000000e6600000, 0x0000000100000000)
  eden space 209920K, 75% used [0x00000000d6800000,0x00000000e024d2d0,0x00000000e3500000)
  from space 15872K, 99% used [0x00000000e5680000,0x00000000e65f97b8,0x00000000e6600000)
  to   space 18432K, 0% used [0x00000000e4200000,0x00000000e4200000,0x00000000e5400000)
 ParOldGen       total 93184K, used 21294K [0x0000000083800000, 0x0000000089300000, 0x00000000d6800000)
  object space 93184K, 22% used [0x0000000083800000,0x0000000084ccb960,0x0000000089300000)
 Metaspace       used 55900K, capacity 58982K, committed 59096K, reserved 1099776K
  class space    used 7866K, capacity 8417K, committed 8448K, reserved 1048576K
Event: 7,185 GC heap after
Heap after GC invocations=13 (full 2):
 PSYoungGen      total 241664K, used 12943K [0x00000000d6800000, 0x00000000e8800000, 0x0000000100000000)
  eden space 223232K, 0% used [0x00000000d6800000,0x00000000d6800000,0x00000000e4200000)
  from space 18432K, 70% used [0x00000000e4200000,0x00000000e4ea3c78,0x00000000e5400000)
  to   space 18944K, 0% used [0x00000000e7580000,0x00000000e7580000,0x00000000e8800000)
 ParOldGen       total 93184K, used 26463K [0x0000000083800000, 0x0000000089300000, 0x00000000d6800000)
  object space 93184K, 28% used [0x0000000083800000,0x00000000851d7fe0,0x0000000089300000)
 Metaspace       used 55900K, capacity 58982K, committed 59096K, reserved 1099776K
  class space    used 7866K, capacity 8417K, committed 8448K, reserved 1048576K
}
Event: 7,185 GC heap before
{Heap before GC invocations=14 (full 3):
 PSYoungGen      total 241664K, used 12943K [0x00000000d6800000, 0x00000000e8800000, 0x0000000100000000)
  eden space 223232K, 0% used [0x00000000d6800000,0x00000000d6800000,0x00000000e4200000)
  from space 18432K, 70% used [0x00000000e4200000,0x00000000e4ea3c78,0x00000000e5400000)
  to   space 18944K, 0% used [0x00000000e7580000,0x00000000e7580000,0x00000000e8800000)
 ParOldGen       total 93184K, used 26463K [0x0000000083800000, 0x0000000089300000, 0x00000000d6800000)
  object space 93184K, 28% used [0x0000000083800000,0x00000000851d7fe0,0x0000000089300000)
 Metaspace       used 55900K, capacity 58982K, committed 59096K, reserved 1099776K
  class space    used 7866K, capacity 8417K, committed 8448K, reserved 1048576K

Deoptimization events (0 events):
No events

Classes redefined (0 events):
No events

Internal exceptions (10 events):
Event: 7,090 Thread 0x00007f7e4c005000 Exception <a 'java/lang/ClassNotFoundException': org/springframework/security/config/annotation/web/configuration/WebSecurityConfiguration$$EnhancerBySpringCGLIB$$2e32c74bCustomizer> (0x00000000df6c7b08) thrown at [/HUDSON/workspace/8-2-build-linux-amd64/
Event: 7,091 Thread 0x00007f7e4c005000 Exception <a 'java/lang/ClassNotFoundException': org/springframework/context/annotation/ConfigurationClassEnhancer$EnhancedConfigurationCustomizer> (0x00000000df6f4c48) thrown at [/HUDSON/workspace/8-2-build-linux-amd64/jdk8u211/12973/hotspot/src/share/vm
Event: 7,092 Thread 0x00007f7e4c005000 Exception <a 'java/lang/ClassNotFoundException': org/springframework/beans/factory/BeanFactoryAwareCustomizer> (0x00000000df70c5e8) thrown at [/HUDSON/workspace/8-2-build-linux-amd64/jdk8u211/12973/hotspot/src/share/vm/classfile/systemDictionary.cpp, line
Event: 7,092 Thread 0x00007f7e4c005000 Exception <a 'java/lang/ClassNotFoundException': org/springframework/beans/factory/AwareCustomizer> (0x00000000df721e88) thrown at [/HUDSON/workspace/8-2-build-linux-amd64/jdk8u211/12973/hotspot/src/share/vm/classfile/systemDictionary.cpp, line 210]
Event: 7,093 Thread 0x00007f7e4c005000 Exception <a 'java/lang/ClassNotFoundException': org/springframework/context/annotation/ImportAwareCustomizer> (0x00000000df7396c0) thrown at [/HUDSON/workspace/8-2-build-linux-amd64/jdk8u211/12973/hotspot/src/share/vm/classfile/systemDictionary.cpp, line
Event: 7,094 Thread 0x00007f7e4c005000 Exception <a 'java/lang/ClassNotFoundException': org/springframework/beans/factory/AwareCustomizer> (0x00000000df74eb48) thrown at [/HUDSON/workspace/8-2-build-linux-amd64/jdk8u211/12973/hotspot/src/share/vm/classfile/systemDictionary.cpp, line 210]
Event: 7,094 Thread 0x00007f7e4c005000 Exception <a 'java/lang/ClassNotFoundException': org/springframework/beans/factory/BeanClassLoaderAwareCustomizer> (0x00000000df7673b8) thrown at [/HUDSON/workspace/8-2-build-linux-amd64/jdk8u211/12973/hotspot/src/share/vm/classfile/systemDictionary.cpp, 
Event: 7,095 Thread 0x00007f7e4c005000 Exception <a 'java/lang/ClassNotFoundException': org/springframework/beans/factory/AwareCustomizer> (0x00000000df77c6f8) thrown at [/HUDSON/workspace/8-2-build-linux-amd64/jdk8u211/12973/hotspot/src/share/vm/classfile/systemDictionary.cpp, line 210]
Event: 7,095 Thread 0x00007f7e4c005000 Exception <a 'java/lang/ArrayIndexOutOfBoundsException'> (0x00000000df782ac8) thrown at [/HUDSON/workspace/8-2-build-linux-amd64/jdk8u211/12973/hotspot/src/share/vm/runtime/sharedRuntime.cpp, line 605]
Event: 7,109 Thread 0x00007f7e4c005000 Exception <a 'java/lang/ArrayIndexOutOfBoundsException'> (0x00000000df8d4ad8) thrown at [/HUDSON/workspace/8-2-build-linux-amd64/jdk8u211/12973/hotspot/src/share/vm/runtime/sharedRuntime.cpp, line 605]

Events (10 events):
Event: 7,168 Thread 0x00007f7e4c005000 DEOPT UNPACKING pc=0x00007f7ec9047384 sp=0x00007f7eb148a0c0 mode 1
Event: 7,168 loading class org/springframework/security/web/header/writers/HstsHeaderWriter$SecureRequestMatcher
Event: 7,168 loading class org/springframework/security/web/header/writers/HstsHeaderWriter$SecureRequestMatcher done
Event: 7,168 Thread 0x00007f7e4c005000 DEOPT PACKING pc=0x00007f7ec91fc4c9 sp=0x00007f7eb1489fa0
Event: 7,168 Thread 0x00007f7e4c005000 DEOPT UNPACKING pc=0x00007f7ec9047384 sp=0x00007f7eb1489d10 mode 1
Event: 7,168 Thread 0x00007f7e4c005000 DEOPT PACKING pc=0x00007f7ec91d0934 sp=0x00007f7eb148a020
Event: 7,168 Thread 0x00007f7e4c005000 DEOPT UNPACKING pc=0x00007f7ec9047384 sp=0x00007f7eb1489e60 mode 1
Event: 7,168 Thread 0x00007f7e4c005000 DEOPT PACKING pc=0x00007f7ec91d087c sp=0x00007f7eb148a1b0
Event: 7,168 Thread 0x00007f7e4c005000 DEOPT UNPACKING pc=0x00007f7ec9047384 sp=0x00007f7eb1489ff0 mode 1
Event: 7,169 Executing VM operation: CollectForMetadataAllocation


Dynamic libraries:
00400000-00401000 r-xp 00000000 08:01 36567988                           /usr/lib/jvm/jdk1.8.0_211/bin/java
00600000-00601000 r--p 00000000 08:01 36567988                           /usr/lib/jvm/jdk1.8.0_211/bin/java
00601000-00602000 rw-p 00001000 08:01 36567988                           /usr/lib/jvm/jdk1.8.0_211/bin/java
01704000-01725000 rw-p 00000000 00:00 0                                  [heap]
83800000-89300000 rw-p 00000000 00:00 0 
89300000-d6800000 ---p 00000000 00:00 0 
d6800000-e8800000 rw-p 00000000 00:00 0 
e8800000-100000000 ---p 00000000 00:00 0 
100000000-100840000 rw-p 00000000 00:00 0 
100840000-140000000 ---p 00000000 00:00 0 
7f7e1c000000-7f7e1c021000 rw-p 00000000 00:00 0 
7f7e1c021000-7f7e20000000 ---p 00000000 00:00 0 
7f7e24000000-7f7e24021000 rw-p 00000000 00:00 0 
7f7e24021000-7f7e28000000 ---p 00000000 00:00 0 
7f7e28000000-7f7e28021000 rw-p 00000000 00:00 0 
7f7e28021000-7f7e2c000000 ---p 00000000 00:00 0 
7f7e2c000000-7f7e2c021000 rw-p 00000000 00:00 0 
7f7e2c021000-7f7e30000000 ---p 00000000 00:00 0 
7f7e30000000-7f7e30021000 rw-p 00000000 00:00 0 
7f7e30021000-7f7e34000000 ---p 00000000 00:00 0 
7f7e34000000-7f7e34021000 rw-p 00000000 00:00 0 
7f7e34021000-7f7e38000000 ---p 00000000 00:00 0 
7f7e38000000-7f7e38021000 rw-p 00000000 00:00 0 
7f7e38021000-7f7e3c000000 ---p 00000000 00:00 0 
7f7e3c000000-7f7e3c021000 rw-p 00000000 00:00 0 
7f7e3c021000-7f7e40000000 ---p 00000000 00:00 0 
7f7e40000000-7f7e40021000 rw-p 00000000 00:00 0 
7f7e40021000-7f7e44000000 ---p 00000000 00:00 0 
7f7e44000000-7f7e444b3000 rw-p 00000000 00:00 0 
7f7e444b3000-7f7e48000000 ---p 00000000 00:00 0 
7f7e48000000-7f7e48096000 rw-p 00000000 00:00 0 
7f7e48096000-7f7e4c000000 ---p 00000000 00:00 0 
7f7e4c000000-7f7e4c021000 rw-p 00000000 00:00 0 
7f7e4c021000-7f7e50000000 ---p 00000000 00:00 0 
7f7e50000000-7f7e51477000 rw-p 00000000 00:00 0 
7f7e51477000-7f7e54000000 ---p 00000000 00:00 0 
7f7e54000000-7f7e54021000 rw-p 00000000 00:00 0 
7f7e54021000-7f7e58000000 ---p 00000000 00:00 0 
7f7e58000000-7f7e58021000 rw-p 00000000 00:00 0 
7f7e58021000-7f7e5c000000 ---p 00000000 00:00 0 
7f7e5c000000-7f7e5c021000 rw-p 00000000 00:00 0 
7f7e5c021000-7f7e60000000 ---p 00000000 00:00 0 
7f7e60000000-7f7e60021000 rw-p 00000000 00:00 0 
7f7e60021000-7f7e64000000 ---p 00000000 00:00 0 
7f7e64000000-7f7e64574000 rw-p 00000000 00:00 0 
7f7e64574000-7f7e68000000 ---p 00000000 00:00 0 
7f7e68000000-7f7e68027000 rw-p 00000000 00:00 0 
7f7e68027000-7f7e6c000000 ---p 00000000 00:00 0 
7f7e6c000000-7f7e6c021000 rw-p 00000000 00:00 0 
7f7e6c021000-7f7e70000000 ---p 00000000 00:00 0 
7f7e70000000-7f7e70021000 rw-p 00000000 00:00 0 
7f7e70021000-7f7e74000000 ---p 00000000 00:00 0 
7f7e74000000-7f7e74021000 rw-p 00000000 00:00 0 
7f7e74021000-7f7e78000000 ---p 00000000 00:00 0 
7f7e78000000-7f7e78046000 rw-p 00000000 00:00 0 
7f7e78046000-7f7e7c000000 ---p 00000000 00:00 0 
7f7e7c000000-7f7e7c02a000 rw-p 00000000 00:00 0 
7f7e7c02a000-7f7e80000000 ---p 00000000 00:00 0 
7f7e80000000-7f7e80021000 rw-p 00000000 00:00 0 
7f7e80021000-7f7e84000000 ---p 00000000 00:00 0 
7f7e84000000-7f7e84021000 rw-p 00000000 00:00 0 
7f7e84021000-7f7e88000000 ---p 00000000 00:00 0 
7f7e88000000-7f7e88021000 rw-p 00000000 00:00 0 
7f7e88021000-7f7e8c000000 ---p 00000000 00:00 0 
7f7e8c000000-7f7e8c021000 rw-p 00000000 00:00 0 
7f7e8c021000-7f7e90000000 ---p 00000000 00:00 0 
7f7e90000000-7f7e90021000 rw-p 00000000 00:00 0 
7f7e90021000-7f7e94000000 ---p 00000000 00:00 0 
7f7e94000000-7f7e94021000 rw-p 00000000 00:00 0 
7f7e94021000-7f7e98000000 ---p 00000000 00:00 0 
7f7e9c000000-7f7e9c021000 rw-p 00000000 00:00 0 
7f7e9c021000-7f7ea0000000 ---p 00000000 00:00 0 
7f7ea2dfe000-7f7ea2f74000 rw-p 00000000 00:00 0 
7f7ea2f74000-7f7ea2ffe000 ---p 00000000 00:00 0 
7f7ea2ffe000-7f7ea31fe000 rw-p 00000000 00:00 0 
7f7ea31fe000-7f7ea33fe000 rw-p 00000000 00:00 0 
7f7ea33fe000-7f7ea35fe000 rw-p 00000000 00:00 0 
7f7ea35fe000-7f7ea37fe000 rw-p 00000000 00:00 0 
7f7ea37fe000-7f7ea39fe000 rw-p 00000000 00:00 0 
7f7ea39fe000-7f7ea3bfe000 rw-p 00000000 00:00 0 
7f7ea3bfe000-7f7ea3dfe000 rw-p 00000000 00:00 0 
7f7ea3dfe000-7f7ea3e01000 ---p 00000000 00:00 0 
7f7ea3e01000-7f7ea3eff000 rw-p 00000000 00:00 0 
7f7ea3eff000-7f7ea3f02000 ---p 00000000 00:00 0 
7f7ea3f02000-7f7ea4000000 rw-p 00000000 00:00 0 
7f7ea4000000-7f7ea4021000 rw-p 00000000 00:00 0 
7f7ea4021000-7f7ea8000000 ---p 00000000 00:00 0 
7f7ea80f8000-7f7ea82f8000 rw-p 00000000 00:00 0 
7f7ea82f8000-7f7ea82fb000 ---p 00000000 00:00 0 
7f7ea82fb000-7f7ea83f9000 rw-p 00000000 00:00 0 
7f7ea83f9000-7f7ea83fc000 ---p 00000000 00:00 0 
7f7ea83fc000-7f7ea86fa000 rw-p 00000000 00:00 0 
7f7ea86fa000-7f7ea86fd000 ---p 00000000 00:00 0 
7f7ea86fd000-7f7ea87fb000 rw-p 00000000 00:00 0 
7f7ea87fb000-7f7ea87fe000 ---p 00000000 00:00 0 
7f7ea87fe000-7f7ea88fc000 rw-p 00000000 00:00 0 
7f7ea88fc000-7f7ea88ff000 ---p 00000000 00:00 0 
7f7ea88ff000-7f7ea8bfd000 rw-p 00000000 00:00 0 
7f7ea8bfd000-7f7ea8dfd000 rw-p 00000000 00:00 0 
7f7ea8dfd000-7f7ea8e00000 ---p 00000000 00:00 0 
7f7ea8e00000-7f7ea8efe000 rw-p 00000000 00:00 0 
7f7ea8efe000-7f7ea8f01000 ---p 00000000 00:00 0 
7f7ea8f01000-7f7eac000000 rw-p 00000000 00:00 0 
7f7eac000000-7f7eac021000 rw-p 00000000 00:00 0 
7f7eac021000-7f7eb0000000 ---p 00000000 00:00 0 
7f7eb00d6000-7f7eb00db000 r--s 002f9000 08:01 36568046                   /usr/lib/jvm/jdk1.8.0_211/jre/lib/charsets.jar
7f7eb00db000-7f7eb00f7000 r--s 00393000 08:01 36568250                   /usr/lib/jvm/jdk1.8.0_211/jre/lib/ext/cldrdata.jar
7f7eb00f7000-7f7eb02f7000 rw-p 00000000 00:00 0 
7f7eb02f7000-7f7eb04f7000 rw-p 00000000 00:00 0 
7f7eb04f7000-7f7eb06f7000 rw-p 00000000 00:00 0 
7f7eb06f7000-7f7eb06fa000 ---p 00000000 00:00 0 
7f7eb06fa000-7f7eb09f8000 rw-p 00000000 00:00 0 
7f7eb09f8000-7f7eb0bf8000 rw-p 00000000 00:00 0 
7f7eb0bf8000-7f7eb0df8000 rw-p 00000000 00:00 0 
7f7eb0df8000-7f7eb0ff8000 rw-p 00000000 00:00 0 
7f7eb0ff8000-7f7eb108d000 r--s 01112000 08:01 36568249                   /usr/lib/jvm/jdk1.8.0_211/jre/lib/ext/jfxrt.jar
7f7eb108d000-7f7eb128d000 rw-p 00000000 00:00 0 
7f7eb128d000-7f7eb1290000 ---p 00000000 00:00 0 
7f7eb1290000-7f7eb138e000 rw-p 00000000 00:00 0 
7f7eb138e000-7f7eb1391000 ---p 00000000 00:00 0 
7f7eb1391000-7f7eb148f000 rw-p 00000000 00:00 0 
7f7eb148f000-7f7eb1492000 ---p 00000000 00:00 0 
7f7eb1492000-7f7eb1790000 rw-p 00000000 00:00 0 
7f7eb1790000-7f7eb1797000 r--s 00000000 08:01 56915782                   /usr/lib/x86_64-linux-gnu/gconv/gconv-modules.cache
7f7eb1797000-7f7eb17bb000 r--p 00000000 08:01 57136102                   /usr/share/locale-langpack/es/LC_MESSAGES/libc.mo
7f7eb17bb000-7f7eb17bc000 ---p 00000000 00:00 0 
7f7eb17bc000-7f7eb18bc000 rw-p 00000000 00:00 0 
7f7eb18bc000-7f7eb18bf000 ---p 00000000 00:00 0 
7f7eb18bf000-7f7eb19bd000 rw-p 00000000 00:00 0 
7f7eb19bd000-7f7eb19c7000 r--s 00116000 08:01 36568242                   /usr/lib/jvm/jdk1.8.0_211/jre/lib/ext/localedata.jar
7f7eb19c7000-7f7eb19ca000 ---p 00000000 00:00 0 
7f7eb19ca000-7f7eb1ac8000 rw-p 00000000 00:00 0 
7f7eb1ac8000-7f7eb1acb000 ---p 00000000 00:00 0 
7f7eb1acb000-7f7eb1bc9000 rw-p 00000000 00:00 0 
7f7eb1bc9000-7f7eb1bce000 r--s 000a3000 08:01 36568256                   /usr/lib/jvm/jdk1.8.0_211/jre/lib/jsse.jar
7f7eb1bce000-7f7eb1bd7000 r--s 000ed000 08:01 38307836                   /home/leonardo/.m2/repository/mysql/mysql-connector-java/5.1.47/mysql-connector-java-5.1.47.jar
7f7eb1bd7000-7f7eb1bd9000 r--s 00009000 08:01 38323637                   /home/leonardo/.m2/repository/org/slf4j/slf4j-api/1.7.25/slf4j-api-1.7.25.jar
7f7eb1bd9000-7f7eb1bdb000 r--s 0000a000 08:01 38462798                   /home/leonardo/.m2/repository/org/thymeleaf/extras/thymeleaf-extras-springsecurity5/3.0.4.RELEASE/thymeleaf-extras-springsecurity5-3.0.4.RELEASE.jar
7f7eb1bdb000-7f7eb1be8000 r--s 000b2000 08:01 38340675                   /home/leonardo/.m2/repository/org/springframework/security/spring-security-config/5.1.1.RELEASE/spring-security-config-5.1.1.RELEASE.jar
7f7eb1be8000-7f7eb1bf2000 r--s 00051000 08:01 38324235                   /home/leonardo/.m2/repository/org/springframework/spring-aop/5.1.2.RELEASE/spring-aop-5.1.2.RELEASE.jar
7f7eb1bf2000-7f7eb1bf3000 r--s 00000000 08:01 38340678                   /home/leonardo/.m2/repository/org/springframework/boot/spring-boot-starter-security/2.1.0.RELEASE/spring-boot-starter-security-2.1.0.RELEASE.jar
7f7eb1bf3000-7f7eb1bf5000 r--s 00006000 08:01 37061332                   /home/leonardo/.m2/repository/org/latencyutils/LatencyUtils/2.0.3/LatencyUtils-2.0.3.jar
7f7eb1bf5000-7f7eb1bf7000 r--s 0001a000 08:01 37061330                   /home/leonardo/.m2/repository/org/hdrhistogram/HdrHistogram/2.1.9/HdrHistogram-2.1.9.jar
7f7eb1bf7000-7f7eb1c00000 r--s 0005e000 08:01 37930292                   /home/leonardo/.m2/repository/io/micrometer/micrometer-core/1.1.0/micrometer-core-1.1.0.jar
7f7eb1c00000-7f7eb1c0f000 r--s 0006d000 08:01 38340588                   /home/leonardo/.m2/repository/org/springframework/boot/spring-boot-actuator/2.1.0.RELEASE/spring-boot-actuator-2.1.0.RELEASE.jar
7f7eb1c0f000-7f7eb1c1e000 r--s 0005c000 08:01 37003881                   /home/leonardo/.m2/repository/org/springframework/boot/spring-boot-actuator-autoconfigure/2.1.0.RELEASE/spring-boot-actuator-autoconfigure-2.1.0.RELEASE.jar
7f7eb1c1e000-7f7eb1c1f000 r--s 00000000 08:01 38340586                   /home/leonardo/.m2/repository/org/springframework/boot/spring-boot-starter-actuator/2.1.0.RELEASE/spring-boot-starter-actuator-2.1.0.RELEASE.jar
7f7eb1c1f000-7f7eb1c21000 r--s 0000a000 08:01 38324251                   /home/leonardo/.m2/repository/org/springframework/spring-aspects/5.1.2.RELEASE/spring-aspects-5.1.2.RELEASE.jar
7f7eb1c21000-7f7eb1c29000 r--s 00037000 08:01 38324250                   /home/leonardo/.m2/repository/org/springframework/spring-tx/5.1.2.RELEASE/spring-tx-5.1.2.RELEASE.jar
7f7eb1c29000-7f7eb1c2d000 r--s 0002d000 08:01 38324246                   /home/leonardo/.m2/repository/org/springframework/spring-orm/5.1.2.RELEASE/spring-orm-5.1.2.RELEASE.jar
7f7eb1c2d000-7f7eb1c45000 r--s 00104000 08:01 38324244                   /home/leonardo/.m2/repository/org/springframework/data/spring-data-commons/2.1.2.RELEASE/spring-data-commons-2.1.2.RELEASE.jar
7f7eb1c45000-7f7eb1c4d000 r--s 0004d000 08:01 38324242                   /home/leonardo/.m2/repository/org/springframework/data/spring-data-jpa/2.1.2.RELEASE/spring-data-jpa-2.1.2.RELEASE.jar
7f7eb1c4d000-7f7eb1c50000 r--s 00010000 08:01 38323780                   /home/leonardo/.m2/repository/org/hibernate/common/hibernate-commons-annotations/5.0.4.Final/hibernate-commons-annotations-5.0.4.Final.jar
7f7eb1c50000-7f7eb1c55000 r--s 0004b000 08:01 38323778                   /home/leonardo/.m2/repository/org/dom4j/dom4j/2.1.1/dom4j-2.1.1.jar
7f7eb1c55000-7f7eb1c58000 r--s 0002b000 08:01 38323776                   /home/leonardo/.m2/repository/org/jboss/jandex/2.0.5.Final/jandex-2.0.5.Final.jar
7f7eb1c58000-7f7eb1c5d000 r--s 00068000 08:01 38323774                   /home/leonardo/.m2/repository/antlr/antlr/2.7.7/antlr-2.7.7.jar
7f7eb1c5d000-7f7eb1c68000 r--s 000b2000 08:01 38324238                   /home/leonardo/.m2/repository/org/javassist/javassist/3.23.1-GA/javassist-3.23.1-GA.jar
7f7eb1c68000-7f7eb1c6e000 r--s 00023000 08:01 38323760                   /home/leonardo/.m2/repository/javax/persistence/javax.persistence-api/2.2/javax.persistence-api-2.2.jar
7f7eb1c6e000-7f7eb1cf1000 r--s 00624000 08:01 38323958                   /home/leonardo/.m2/repository/org/hibernate/hibernate-core/5.3.7.Final/hibernate-core-5.3.7.Final.jar
7f7eb1cf1000-7f7eb1cf3000 r--s 0000c000 08:01 38323769                   /home/leonardo/.m2/repository/javax/activation/javax.activation-api/1.2.0/javax.activation-api-1.2.0.jar
7f7eb1cf3000-7f7eb1cf7000 r--s 0001c000 08:01 38323767                   /home/leonardo/.m2/repository/javax/xml/bind/jaxb-api/2.3.1/jaxb-api-2.3.1.jar
7f7eb1cf7000-7f7eb1cf8000 r--s 00006000 08:01 38323765                   /home/leonardo/.m2/repository/javax/transaction/javax.transaction-api/1.3/javax.transaction-api-1.3.jar
7f7eb1cf8000-7f7eb1d02000 r--s 00059000 08:01 38323636                   /home/leonardo/.m2/repository/org/springframework/spring-jdbc/5.1.2.RELEASE/spring-jdbc-5.1.2.RELEASE.jar
7f7eb1d02000-7f7eb1d06000 r--s 00020000 08:01 38323763                   /home/leonardo/.m2/repository/com/zaxxer/HikariCP/3.2.0/HikariCP-3.2.0.jar
7f7eb1d06000-7f7eb1d07000 r--s 00000000 08:01 38323604                   /home/leonardo/.m2/repository/org/springframework/boot/spring-boot-starter-jdbc/2.1.0.RELEASE/spring-boot-starter-jdbc-2.1.0.RELEASE.jar
7f7eb1d07000-7f7eb1d20000 r--s 001de000 08:01 38324237                   /home/leonardo/.m2/repository/org/aspectj/aspectjweaver/1.9.2/aspectjweaver-1.9.2.jar
7f7eb1d20000-7f7eb1d21000 r--s 00000000 08:01 38324233                   /home/leonardo/.m2/repository/org/springframework/boot/spring-boot-starter-aop/2.1.0.RELEASE/spring-boot-starter-aop-2.1.0.RELEASE.jar
7f7eb1d21000-7f7eb1d22000 r--s 00000000 08:01 38324231                   /home/leonardo/.m2/repository/org/springframework/boot/spring-boot-starter-data-jpa/2.1.0.RELEASE/spring-boot-starter-data-jpa-2.1.0.RELEASE.jar
7f7eb1d22000-7f7eb1d31000 r--s 00074000 08:01 38340680                   /home/leonardo/.m2/repository/org/springframework/security/spring-security-web/5.1.1.RELEASE/spring-security-web-5.1.1.RELEASE.jar
7f7eb1d31000-7f7eb1d3d000 r--s 0005e000 08:01 38340677                   /home/leonardo/.m2/repository/org/springframework/security/spring-security-core/5.1.1.RELEASE/spring-security-core-5.1.1.RELEASE.jar
7f7eb1d3d000-7f7eb1d3e000 r--s 00005000 08:01 38323645                   /home/leonardo/.m2/repository/org/springframework/spring-jcl/5.1.2.RELEASE/spring-jcl-5.1.2.RELEASE.jar
7f7eb1d3e000-7f7eb1d56000 r--s 00123000 08:01 38323643                   /home/leonardo/.m2/repository/org/springframework/spring-core/5.1.2.RELEASE/spring-core-5.1.2.RELEASE.jar
7f7eb1d56000-7f7eb1d9c000 r--s 002d1000 08:01 38324240                   /home/leonardo/.m2/repository/net/bytebuddy/byte-buddy/1.9.3/byte-buddy-1.9.3.jar
7f7eb1d9c000-7f7eb1da1000 r--s 00040000 08:01 38323802                   /home/leonardo/.m2/repository/org/springframework/spring-expression/5.1.2.RELEASE/spring-expression-5.1.2.RELEASE.jar
7f7eb1da1000-7f7eb1db1000 r--s 000b4000 08:01 38323621                   /home/leonardo/.m2/repository/org/springframework/spring-webmvc/5.1.2.RELEASE/spring-webmvc-5.1.2.RELEASE.jar
7f7eb1db1000-7f7eb1dbd000 r--s 00098000 08:01 38323605                   /home/leonardo/.m2/repository/org/springframework/spring-beans/5.1.2.RELEASE/spring-beans-5.1.2.RELEASE.jar
7f7eb1dbd000-7f7eb1dd9000 r--s 00134000 08:01 38324287                   /home/leonardo/.m2/repository/org/springframework/spring-web/5.1.2.RELEASE/spring-web-5.1.2.RELEASE.jar
7f7eb1dd9000-7f7eb1ddb000 r--s 0000f000 08:01 38307788                   /home/leonardo/.m2/repository/com/fasterxml/classmate/1.4.0/classmate-1.4.0.jar
7f7eb1ddb000-7f7eb1ddd000 r--s 0000f000 08:01 38307785                   /home/leonardo/.m2/repository/org/jboss/logging/jboss-logging/3.3.2.Final/jboss-logging-3.3.2.Final.jar
7f7eb1ddd000-7f7eb1de2000 r--s 00012000 08:01 38307784                   /home/leonardo/.m2/repository/javax/validation/validation-api/2.0.1.Final/validation-api-2.0.1.Final.jar
7f7eb1de2000-7f7eb1dff000 r--s 000fe000 08:01 38324285                   /home/leonardo/.m2/repository/org/hibernate/validator/hibernate-validator/6.0.13.Final/hibernate-validator-6.0.13.Final.jar
7f7eb1dff000-7f7eb1e05000 r--s 0003b000 08:01 38324283                   /home/leonardo/.m2/repository/org/apache/tomcat/embed/tomcat-embed-websocket/9.0.12/tomcat-embed-websocket-9.0.12.jar
7f7eb1e05000-7f7eb1e0a000 r--s 00039000 08:01 38324281                   /home/leonardo/.m2/repository/org/apache/tomcat/embed/tomcat-embed-el/9.0.12/tomcat-embed-el-9.0.12.jar
7f7eb1e0a000-7f7eb1e34000 r--s 002e4000 08:01 38324279                   /home/leonardo/.m2/repository/org/apache/tomcat/embed/tomcat-embed-core/9.0.12/tomcat-embed-core-9.0.12.jar
7f7eb1e34000-7f7eb1e36000 r--s 00001000 08:01 38324275                   /home/leonardo/.m2/repository/com/fasterxml/jackson/module/jackson-module-parameter-names/2.9.7/jackson-module-parameter-names-2.9.7.jar
7f7eb1e36000-7f7eb1e39000 r--s 00016000 08:01 38324273                   /home/leonardo/.m2/repository/com/fasterxml/jackson/datatype/jackson-datatype-jsr310/2.9.7/jackson-datatype-jsr310-2.9.7.jar
7f7eb1e39000-7f7eb1e3b000 r--s 00007000 08:01 38324271                   /home/leonardo/.m2/repository/com/fasterxml/jackson/datatype/jackson-datatype-jdk8/2.9.7/jackson-datatype-jdk8-2.9.7.jar
7f7eb1e3b000-7f7eb1e3f000 r--s 0004c000 08:01 38324269                   /home/leonardo/.m2/repository/com/fasterxml/jackson/core/jackson-core/2.9.7/jackson-core-2.9.7.jar
7f7eb1e3f000-7f7eb1e42000 r--s 0000e000 08:01 38307763                   /home/leonardo/.m2/repository/com/fasterxml/jackson/core/jackson-annotations/2.9.0/jackson-annotations-2.9.0.jar
7f7eb1e42000-7f7eb1e55000 r--s 00137000 08:01 38324267                   /home/leonardo/.m2/repository/com/fasterxml/jackson/core/jackson-databind/2.9.7/jackson-databind-2.9.7.jar
7f7eb1e55000-7f7eb1e79000 r--s 00111000 08:01 38323608                   /home/leonardo/.m2/repository/org/springframework/boot/spring-boot-autoconfigure/2.1.0.RELEASE/spring-boot-autoconfigure-2.1.0.RELEASE.jar
7f7eb1e79000-7f7eb1e93000 r--s 000f3000 08:01 38324248                   /home/leonardo/.m2/repository/org/springframework/spring-context/5.1.2.RELEASE/spring-context-5.1.2.RELEASE.jar
7f7eb1e93000-7f7eb1ea9000 r--s 000d4000 08:01 38324291                   /home/leonardo/.m2/repository/org/springframework/boot/spring-boot/2.1.0.RELEASE/spring-boot-2.1.0.RELEASE.jar
7f7eb1ea9000-7f7eb1eaf000 r--s 0002e000 08:01 38324289                   /home/leonardo/.m2/repository/org/springframework/boot/spring-boot-devtools/2.1.0.RELEASE/spring-boot-devtools-2.1.0.RELEASE.jar
7f7eb1eaf000-7f7eb1ec0000 r-xp 00000000 08:01 36568358                   /usr/lib/jvm/jdk1.8.0_211/jre/lib/amd64/libnio.so
7f7eb1ec0000-7f7eb20bf000 ---p 00011000 08:01 36568358                   /usr/lib/jvm/jdk1.8.0_211/jre/lib/amd64/libnio.so
7f7eb20bf000-7f7eb20c0000 r--p 00010000 08:01 36568358                   /usr/lib/jvm/jdk1.8.0_211/jre/lib/amd64/libnio.so
7f7eb20c0000-7f7eb20c1000 rw-p 00011000 08:01 36568358                   /usr/lib/jvm/jdk1.8.0_211/jre/lib/amd64/libnio.so
7f7eb20c1000-7f7eb20d7000 r-xp 00000000 08:01 36568298                   /usr/lib/jvm/jdk1.8.0_211/jre/lib/amd64/libnet.so
7f7eb20d7000-7f7eb22d6000 ---p 00016000 08:01 36568298                   /usr/lib/jvm/jdk1.8.0_211/jre/lib/amd64/libnet.so
7f7eb22d6000-7f7eb22d7000 r--p 00015000 08:01 36568298                   /usr/lib/jvm/jdk1.8.0_211/jre/lib/amd64/libnet.so
7f7eb22d7000-7f7eb22d8000 rw-p 00016000 08:01 36568298                   /usr/lib/jvm/jdk1.8.0_211/jre/lib/amd64/libnet.so
7f7eb22d8000-7f7eb22e1000 r-xp 00000000 08:01 36568299                   /usr/lib/jvm/jdk1.8.0_211/jre/lib/amd64/libmanagement.so
7f7eb22e1000-7f7eb24e0000 ---p 00009000 08:01 36568299                   /usr/lib/jvm/jdk1.8.0_211/jre/lib/amd64/libmanagement.so
7f7eb24e0000-7f7eb24e1000 r--p 00008000 08:01 36568299                   /usr/lib/jvm/jdk1.8.0_211/jre/lib/amd64/libmanagement.so
7f7eb24e1000-7f7eb24e2000 rw-p 00009000 08:01 36568299                   /usr/lib/jvm/jdk1.8.0_211/jre/lib/amd64/libmanagement.so
7f7eb24e2000-7f7eb24e5000 ---p 00000000 00:00 0 
7f7eb24e5000-7f7eb25e3000 rw-p 00000000 00:00 0 
7f7eb25e3000-7f7eb25e4000 ---p 00000000 00:00 0 
7f7eb25e4000-7f7eb25e7000 ---p 00000000 00:00 0 
7f7eb25e7000-7f7eb26e4000 rw-p 00000000 00:00 0 
7f7eb26e4000-7f7eb26e5000 ---p 00000000 00:00 0 
7f7eb26e5000-7f7eb26e8000 ---p 00000000 00:00 0 
7f7eb26e8000-7f7eb27e5000 rw-p 00000000 00:00 0 
7f7eb27e5000-7f7eb27e6000 ---p 00000000 00:00 0 
7f7eb27e6000-7f7eb27e9000 ---p 00000000 00:00 0 
7f7eb27e9000-7f7eb28e6000 rw-p 00000000 00:00 0 
7f7eb28e6000-7f7eb28e7000 ---p 00000000 00:00 0 
7f7eb28e7000-7f7eb28ea000 ---p 00000000 00:00 0 
7f7eb28ea000-7f7eb29e7000 rw-p 00000000 00:00 0 
7f7eb29e7000-7f7eb29ea000 ---p 00000000 00:00 0 
7f7eb29ea000-7f7eb2ae8000 rw-p 00000000 00:00 0 
7f7eb2ae8000-7f7eb2aeb000 ---p 00000000 00:00 0 
7f7eb2aeb000-7f7eb2be9000 rw-p 00000000 00:00 0 
7f7eb2be9000-7f7eb2bec000 ---p 00000000 00:00 0 
7f7eb2bec000-7f7eb2cea000 rw-p 00000000 00:00 0 
7f7eb2cea000-7f7eb2cee000 r-xp 00000000 08:01 36568309                   /usr/lib/jvm/jdk1.8.0_211/jre/lib/amd64/libdt_socket.so
7f7eb2cee000-7f7eb2eed000 ---p 00004000 08:01 36568309                   /usr/lib/jvm/jdk1.8.0_211/jre/lib/amd64/libdt_socket.so
7f7eb2eed000-7f7eb2eee000 r--p 00003000 08:01 36568309                   /usr/lib/jvm/jdk1.8.0_211/jre/lib/amd64/libdt_socket.so
7f7eb2eee000-7f7eb2eef000 rw-p 00004000 08:01 36568309                   /usr/lib/jvm/jdk1.8.0_211/jre/lib/amd64/libdt_socket.so
7f7eb2eef000-7f7eb2ef2000 ---p 00000000 00:00 0 
7f7eb2ef2000-7f7eb2ff0000 rw-p 00000000 00:00 0 
7f7eb2ff0000-7f7eb2ff3000 ---p 00000000 00:00 0 
7f7eb2ff3000-7f7eb30f1000 rw-p 00000000 00:00 0 
7f7eb30f1000-7f7eb30f4000 ---p 00000000 00:00 0 
7f7eb30f4000-7f7eb31f2000 rw-p 00000000 00:00 0 
7f7eb31f2000-7f7eb31f3000 ---p 00000000 00:00 0 
7f7eb31f3000-7f7eb4000000 rw-p 00000000 00:00 0 
7f7eb4000000-7f7eb4021000 rw-p 00000000 00:00 0 
7f7eb4021000-7f7eb8000000 ---p 00000000 00:00 0 
7f7eb8000000-7f7eb8021000 rw-p 00000000 00:00 0 
7f7eb8021000-7f7ebc000000 ---p 00000000 00:00 0 
7f7ebc000000-7f7ebc2a4000 rw-p 00000000 00:00 0 
7f7ebc2a4000-7f7ec0000000 ---p 00000000 00:00 0 
7f7ec0000000-7f7ec0001000 r--s 00000000 08:01 38324277                   /home/leonardo/.m2/repository/org/springframework/boot/spring-boot-starter-tomcat/2.1.0.RELEASE/spring-boot-starter-tomcat-2.1.0.RELEASE.jar
7f7ec0001000-7f7ec0002000 r--s 00000000 08:01 38324265                   /home/leonardo/.m2/repository/org/springframework/boot/spring-boot-starter-json/2.1.0.RELEASE/spring-boot-starter-json-2.1.0.RELEASE.jar
7f7ec0002000-7f7ec0005000 r--s 00028000 08:01 38307743                   /home/leonardo/.m2/repository/org/unbescape/unbescape/1.1.6.RELEASE/unbescape-1.1.6.RELEASE.jar
7f7ec0005000-7f7ec000a000 r--s 00037000 08:01 38307741                   /home/leonardo/.m2/repository/org/attoparser/attoparser/2.0.5.RELEASE/attoparser-2.0.5.RELEASE.jar
7f7ec000a000-7f7ec001a000 r--s 000c5000 08:01 38307739                   /home/leonardo/.m2/repository/org/thymeleaf/thymeleaf/3.0.11.RELEASE/thymeleaf-3.0.11.RELEASE.jar
7f7ec001a000-7f7ec4000000 rw-p 00000000 00:00 0 
7f7ec4000000-7f7ec4021000 rw-p 00000000 00:00 0 
7f7ec4021000-7f7ec8000000 ---p 00000000 00:00 0 
7f7ec8000000-7f7ec8005000 r--s 00027000 08:01 38307738                   /home/leonardo/.m2/repository/org/thymeleaf/thymeleaf-spring5/3.0.11.RELEASE/thymeleaf-spring5-3.0.11.RELEASE.jar
7f7ec8005000-7f7ec800c000 r--s 00043000 08:01 38307735                   /home/leonardo/.m2/repository/org/yaml/snakeyaml/1.23/snakeyaml-1.23.jar
7f7ec800c000-7f7ec8012000 r--s 0003b000 08:01 38324261                   /home/leonardo/.m2/repository/org/apache/logging/log4j/log4j-api/2.11.1/log4j-api-2.11.1.jar
7f7ec8012000-7f7ec8db0000 rw-p 00000000 00:00 0 
7f7ec8db0000-7f7ec8f8a000 r--s 03d6d000 08:01 36568047                   /usr/lib/jvm/jdk1.8.0_211/jre/lib/rt.jar
7f7ec8f8a000-7f7ec9000000 rw-p 00000000 00:00 0 
7f7ec9000000-7f7ec9a90000 rwxp 00000000 00:00 0 
7f7ec9a90000-7f7ed8000000 ---p 00000000 00:00 0 
7f7ed8000000-7f7ed8a14000 rw-p 00000000 00:00 0 
7f7ed8a14000-7f7edc000000 ---p 00000000 00:00 0 
7f7edc000000-7f7edc002000 r--s 00005000 08:01 38307734                   /home/leonardo/.m2/repository/javax/annotation/javax.annotation-api/1.3.2/javax.annotation-api-1.3.2.jar
7f7edc002000-7f7edc004000 r--s 00000000 08:01 38324263                   /home/leonardo/.m2/repository/org/slf4j/jul-to-slf4j/1.7.25/jul-to-slf4j-1.7.25.jar
7f7edc004000-7f7edc006000 r--s 00003000 08:01 38324259                   /home/leonardo/.m2/repository/org/apache/logging/log4j/log4j-to-slf4j/2.11.1/log4j-to-slf4j-2.11.1.jar
7f7edc006000-7f7edc011000 r--s 00069000 08:01 38307725                   /home/leonardo/.m2/repository/ch/qos/logback/logback-core/1.2.3/logback-core-1.2.3.jar
7f7edc011000-7f7edc017000 r--s 00041000 08:01 38307723                   /home/leonardo/.m2/repository/ch/qos/logback/logback-classic/1.2.3/logback-classic-1.2.3.jar
7f7edc017000-7f7edcbfb000 rw-p 00000000 00:00 0 
7f7edcbfb000-7f7edcbfc000 ---p 00000000 00:00 0 
7f7edcbfc000-7f7edccfc000 rw-p 00000000 00:00 0 
7f7edccfc000-7f7edccfd000 ---p 00000000 00:00 0 
7f7edccfd000-7f7edcdfd000 rw-p 00000000 00:00 0 
7f7edcdfd000-7f7edcdfe000 ---p 00000000 00:00 0 
7f7edcdfe000-7f7edcefe000 rw-p 00000000 00:00 0 
7f7edcefe000-7f7edceff000 ---p 00000000 00:00 0 
7f7edceff000-7f7edcfff000 rw-p 00000000 00:00 0 
7f7edcfff000-7f7edd000000 ---p 00000000 00:00 0 
7f7edd000000-7f7edd100000 rw-p 00000000 00:00 0 
7f7edd100000-7f7edd101000 ---p 00000000 00:00 0 
7f7edd101000-7f7edd201000 rw-p 00000000 00:00 0 
7f7edd201000-7f7edd202000 ---p 00000000 00:00 0 
7f7edd202000-7f7edd302000 rw-p 00000000 00:00 0 
7f7edd302000-7f7edd303000 ---p 00000000 00:00 0 
7f7edd303000-7f7edd431000 rw-p 00000000 00:00 0 
7f7edd431000-7f7edd69b000 ---p 00000000 00:00 0 
7f7edd69b000-7f7edd6c9000 rw-p 00000000 00:00 0 
7f7edd6c9000-7f7edd933000 ---p 00000000 00:00 0 
7f7edd933000-7f7edd9c3000 rw-p 00000000 00:00 0 
7f7edd9c3000-7f7edda7f000 ---p 00000000 00:00 0 
7f7edda7f000-7f7eddaab000 rw-p 00000000 00:00 0 
7f7eddaab000-7f7edde40000 ---p 00000000 00:00 0 
7f7edde40000-7f7edde5b000 r-xp 00000000 08:01 36568321                   /usr/lib/jvm/jdk1.8.0_211/jre/lib/amd64/libzip.so
7f7edde5b000-7f7ede05a000 ---p 0001b000 08:01 36568321                   /usr/lib/jvm/jdk1.8.0_211/jre/lib/amd64/libzip.so
7f7ede05a000-7f7ede05b000 r--p 0001a000 08:01 36568321                   /usr/lib/jvm/jdk1.8.0_211/jre/lib/amd64/libzip.so
7f7ede05b000-7f7ede05c000 rw-p 0001b000 08:01 36568321                   /usr/lib/jvm/jdk1.8.0_211/jre/lib/amd64/libzip.so
7f7ede05c000-7f7ede067000 r-xp 00000000 08:01 35378829                   /lib/x86_64-linux-gnu/libnss_files-2.27.so
7f7ede067000-7f7ede266000 ---p 0000b000 08:01 35378829                   /lib/x86_64-linux-gnu/libnss_files-2.27.so
7f7ede266000-7f7ede267000 r--p 0000a000 08:01 35378829                   /lib/x86_64-linux-gnu/libnss_files-2.27.so
7f7ede267000-7f7ede268000 rw-p 0000b000 08:01 35378829                   /lib/x86_64-linux-gnu/libnss_files-2.27.so
7f7ede268000-7f7ede26e000 rw-p 00000000 00:00 0 
7f7ede26e000-7f7ede285000 r-xp 00000000 08:01 35378823                   /lib/x86_64-linux-gnu/libnsl-2.27.so
7f7ede285000-7f7ede484000 ---p 00017000 08:01 35378823                   /lib/x86_64-linux-gnu/libnsl-2.27.so
7f7ede484000-7f7ede485000 r--p 00016000 08:01 35378823                   /lib/x86_64-linux-gnu/libnsl-2.27.so
7f7ede485000-7f7ede486000 rw-p 00017000 08:01 35378823                   /lib/x86_64-linux-gnu/libnsl-2.27.so
7f7ede486000-7f7ede488000 rw-p 00000000 00:00 0 
7f7ede488000-7f7ede493000 r-xp 00000000 08:01 35378840                   /lib/x86_64-linux-gnu/libnss_nis-2.27.so
7f7ede493000-7f7ede692000 ---p 0000b000 08:01 35378840                   /lib/x86_64-linux-gnu/libnss_nis-2.27.so
7f7ede692000-7f7ede693000 r--p 0000a000 08:01 35378840                   /lib/x86_64-linux-gnu/libnss_nis-2.27.so
7f7ede693000-7f7ede694000 rw-p 0000b000 08:01 35378840                   /lib/x86_64-linux-gnu/libnss_nis-2.27.so
7f7ede694000-7f7ede69c000 r-xp 00000000 08:01 35378825                   /lib/x86_64-linux-gnu/libnss_compat-2.27.so
7f7ede69c000-7f7ede89c000 ---p 00008000 08:01 35378825                   /lib/x86_64-linux-gnu/libnss_compat-2.27.so
7f7ede89c000-7f7ede89d000 r--p 00008000 08:01 35378825                   /lib/x86_64-linux-gnu/libnss_compat-2.27.so
7f7ede89d000-7f7ede89e000 rw-p 00009000 08:01 35378825                   /lib/x86_64-linux-gnu/libnss_compat-2.27.so
7f7ede89e000-7f7edf26d000 r--p 00000000 08:01 56867319                   /usr/lib/locale/locale-archive
7f7edf26d000-7f7edf26f000 r-xp 00000000 08:01 36568334                   /usr/lib/jvm/jdk1.8.0_211/jre/lib/amd64/libnpt.so
7f7edf26f000-7f7edf46f000 ---p 00002000 08:01 36568334                   /usr/lib/jvm/jdk1.8.0_211/jre/lib/amd64/libnpt.so
7f7edf46f000-7f7edf470000 r--p 00002000 08:01 36568334                   /usr/lib/jvm/jdk1.8.0_211/jre/lib/amd64/libnpt.so
7f7edf470000-7f7edf471000 rw-p 00003000 08:01 36568334                   /usr/lib/jvm/jdk1.8.0_211/jre/lib/amd64/libnpt.so
7f7edf471000-7f7edf4ab000 r-xp 00000000 08:01 36568307                   /usr/lib/jvm/jdk1.8.0_211/jre/lib/amd64/libjdwp.so
7f7edf4ab000-7f7edf6aa000 ---p 0003a000 08:01 36568307                   /usr/lib/jvm/jdk1.8.0_211/jre/lib/amd64/libjdwp.so
7f7edf6aa000-7f7edf6ab000 r--p 00039000 08:01 36568307                   /usr/lib/jvm/jdk1.8.0_211/jre/lib/amd64/libjdwp.so
7f7edf6ab000-7f7edf6ac000 rw-p 0003a000 08:01 36568307                   /usr/lib/jvm/jdk1.8.0_211/jre/lib/amd64/libjdwp.so
7f7edf6ac000-7f7edf6d8000 r-xp 00000000 08:01 36568312                   /usr/lib/jvm/jdk1.8.0_211/jre/lib/amd64/libjava.so
7f7edf6d8000-7f7edf8d8000 ---p 0002c000 08:01 36568312                   /usr/lib/jvm/jdk1.8.0_211/jre/lib/amd64/libjava.so
7f7edf8d8000-7f7edf8d9000 r--p 0002c000 08:01 36568312                   /usr/lib/jvm/jdk1.8.0_211/jre/lib/amd64/libjava.so
7f7edf8d9000-7f7edf8db000 rw-p 0002d000 08:01 36568312                   /usr/lib/jvm/jdk1.8.0_211/jre/lib/amd64/libjava.so
7f7edf8db000-7f7edf8e8000 r-xp 00000000 08:01 36568303                   /usr/lib/jvm/jdk1.8.0_211/jre/lib/amd64/libverify.so
7f7edf8e8000-7f7edfae7000 ---p 0000d000 08:01 36568303                   /usr/lib/jvm/jdk1.8.0_211/jre/lib/amd64/libverify.so
7f7edfae7000-7f7edfae9000 r--p 0000c000 08:01 36568303                   /usr/lib/jvm/jdk1.8.0_211/jre/lib/amd64/libverify.so
7f7edfae9000-7f7edfaea000 rw-p 0000e000 08:01 36568303                   /usr/lib/jvm/jdk1.8.0_211/jre/lib/amd64/libverify.so
7f7edfaea000-7f7edfaf1000 r-xp 00000000 08:01 35378880                   /lib/x86_64-linux-gnu/librt-2.27.so
7f7edfaf1000-7f7edfcf0000 ---p 00007000 08:01 35378880                   /lib/x86_64-linux-gnu/librt-2.27.so
7f7edfcf0000-7f7edfcf1000 r--p 00006000 08:01 35378880                   /lib/x86_64-linux-gnu/librt-2.27.so
7f7edfcf1000-7f7edfcf2000 rw-p 00007000 08:01 35378880                   /lib/x86_64-linux-gnu/librt-2.27.so
7f7edfcf2000-7f7edfe8f000 r-xp 00000000 08:01 35378802                   /lib/x86_64-linux-gnu/libm-2.27.so
7f7edfe8f000-7f7ee008e000 ---p 0019d000 08:01 35378802                   /lib/x86_64-linux-gnu/libm-2.27.so
7f7ee008e000-7f7ee008f000 r--p 0019c000 08:01 35378802                   /lib/x86_64-linux-gnu/libm-2.27.so
7f7ee008f000-7f7ee0090000 rw-p 0019d000 08:01 35378802                   /lib/x86_64-linux-gnu/libm-2.27.so
7f7ee0090000-7f7ee0d78000 r-xp 00000000 08:01 36568319                   /usr/lib/jvm/jdk1.8.0_211/jre/lib/amd64/server/libjvm.so
7f7ee0d78000-7f7ee0f77000 ---p 00ce8000 08:01 36568319                   /usr/lib/jvm/jdk1.8.0_211/jre/lib/amd64/server/libjvm.so
7f7ee0f77000-7f7ee100d000 r--p 00ce7000 08:01 36568319                   /usr/lib/jvm/jdk1.8.0_211/jre/lib/amd64/server/libjvm.so
7f7ee100d000-7f7ee103e000 rw-p 00d7d000 08:01 36568319                   /usr/lib/jvm/jdk1.8.0_211/jre/lib/amd64/server/libjvm.so
7f7ee103e000-7f7ee1079000 rw-p 00000000 00:00 0 
7f7ee1079000-7f7ee1260000 r-xp 00000000 08:01 35378739                   /lib/x86_64-linux-gnu/libc-2.27.so
7f7ee1260000-7f7ee1460000 ---p 001e7000 08:01 35378739                   /lib/x86_64-linux-gnu/libc-2.27.so
7f7ee1460000-7f7ee1464000 r--p 001e7000 08:01 35378739                   /lib/x86_64-linux-gnu/libc-2.27.so
7f7ee1464000-7f7ee1466000 rw-p 001eb000 08:01 35378739                   /lib/x86_64-linux-gnu/libc-2.27.so
7f7ee1466000-7f7ee146a000 rw-p 00000000 00:00 0 
7f7ee146a000-7f7ee146d000 r-xp 00000000 08:01 35378762                   /lib/x86_64-linux-gnu/libdl-2.27.so
7f7ee146d000-7f7ee166c000 ---p 00003000 08:01 35378762                   /lib/x86_64-linux-gnu/libdl-2.27.so
7f7ee166c000-7f7ee166d000 r--p 00002000 08:01 35378762                   /lib/x86_64-linux-gnu/libdl-2.27.so
7f7ee166d000-7f7ee166e000 rw-p 00003000 08:01 35378762                   /lib/x86_64-linux-gnu/libdl-2.27.so
7f7ee166e000-7f7ee1685000 r-xp 00000000 08:01 36567298                   /usr/lib/jvm/jdk1.8.0_211/lib/amd64/jli/libjli.so
7f7ee1685000-7f7ee1884000 ---p 00017000 08:01 36567298                   /usr/lib/jvm/jdk1.8.0_211/lib/amd64/jli/libjli.so
7f7ee1884000-7f7ee1885000 r--p 00016000 08:01 36567298                   /usr/lib/jvm/jdk1.8.0_211/lib/amd64/jli/libjli.so
7f7ee1885000-7f7ee1886000 rw-p 00017000 08:01 36567298                   /usr/lib/jvm/jdk1.8.0_211/lib/amd64/jli/libjli.so
7f7ee1886000-7f7ee18a0000 r-xp 00000000 08:01 35378872                   /lib/x86_64-linux-gnu/libpthread-2.27.so
7f7ee18a0000-7f7ee1a9f000 ---p 0001a000 08:01 35378872                   /lib/x86_64-linux-gnu/libpthread-2.27.so
7f7ee1a9f000-7f7ee1aa0000 r--p 00019000 08:01 35378872                   /lib/x86_64-linux-gnu/libpthread-2.27.so
7f7ee1aa0000-7f7ee1aa1000 rw-p 0001a000 08:01 35378872                   /lib/x86_64-linux-gnu/libpthread-2.27.so
7f7ee1aa1000-7f7ee1aa5000 rw-p 00000000 00:00 0 
7f7ee1aa5000-7f7ee1acc000 r-xp 00000000 08:01 35378711                   /lib/x86_64-linux-gnu/ld-2.27.so
7f7ee1acc000-7f7ee1acd000 r--s 00000000 08:01 38324253                   /home/leonardo/.m2/repository/org/springframework/boot/spring-boot-starter-web/2.1.0.RELEASE/spring-boot-starter-web-2.1.0.RELEASE.jar
7f7ee1acd000-7f7ee1b92000 rw-p 00000000 00:00 0 
7f7ee1b92000-7f7ee1b93000 ---p 00000000 00:00 0 
7f7ee1b93000-7f7ee1b96000 ---p 00000000 00:00 0 
7f7ee1b96000-7f7ee1c97000 rw-p 00000000 00:00 0 
7f7ee1c97000-7f7ee1c98000 r--s 00009000 08:01 38324527                   /home/leonardo/.m2/repository/org/thymeleaf/extras/thymeleaf-extras-java8time/3.0.1.RELEASE/thymeleaf-extras-java8time-3.0.1.RELEASE.jar
7f7ee1c98000-7f7ee1c99000 r--s 00000000 08:01 38324257                   /home/leonardo/.m2/repository/org/springframework/boot/spring-boot-starter-logging/2.1.0.RELEASE/spring-boot-starter-logging-2.1.0.RELEASE.jar
7f7ee1c99000-7f7ee1c9a000 r--s 00000000 08:01 38324255                   /home/leonardo/.m2/repository/org/springframework/boot/spring-boot-starter/2.1.0.RELEASE/spring-boot-starter-2.1.0.RELEASE.jar
7f7ee1c9a000-7f7ee1c9b000 r--s 00000000 08:01 38324525                   /home/leonardo/.m2/repository/org/springframework/boot/spring-boot-starter-thymeleaf/2.1.0.RELEASE/spring-boot-starter-thymeleaf-2.1.0.RELEASE.jar
7f7ee1c9b000-7f7ee1cc2000 rw-p 00000000 00:00 0 
7f7ee1cc2000-7f7ee1cca000 rw-s 00000000 08:01 58358899                   /tmp/hsperfdata_leonardo/26140
7f7ee1cca000-7f7ee1ccb000 rw-p 00000000 00:00 0 
7f7ee1ccb000-7f7ee1ccc000 ---p 00000000 00:00 0 
7f7ee1ccc000-7f7ee1ccd000 r--p 00027000 08:01 35378711                   /lib/x86_64-linux-gnu/ld-2.27.so
7f7ee1ccd000-7f7ee1cce000 rw-p 00028000 08:01 35378711                   /lib/x86_64-linux-gnu/ld-2.27.so
7f7ee1cce000-7f7ee1ccf000 rw-p 00000000 00:00 0 
7fff02f54000-7fff02f77000 rw-p 00000000 00:00 0                          [stack]
7fff02f8f000-7fff02f92000 r--p 00000000 00:00 0                          [vvar]
7fff02f92000-7fff02f93000 r-xp 00000000 00:00 0                          [vdso]
ffffffffff600000-ffffffffff601000 r-xp 00000000 00:00 0                  [vsyscall]

VM Arguments:
jvm_args: -agentlib:jdwp=transport=dt_socket,suspend=y,address=localhost:45675 -Dcom.sun.management.jmxremote -Dcom.sun.management.jmxremote.port=33251 -Dcom.sun.management.jmxremote.authenticate=false -Dcom.sun.management.jmxremote.ssl=false -Djava.rmi.server.hostname=localhost -Dspring.jmx.enabled=true -Dspring.application.admin.enabled=true -Djava.security.egd=file:/dev/./urandom -Xverify:none -XX:TieredStopAtLevel=1 -Dfile.encoding=UTF-8 
java_command: com.example.demo.LogisticaApplication --spring.output.ansi.enabled=always
java_class_path (initial): /home/leonardo/Documentos/SpringBoot/logistica/target/classes:/home/leonardo/.m2/repository/org/springframework/boot/spring-boot-starter-thymeleaf/2.1.0.RELEASE/spring-boot-starter-thymeleaf-2.1.0.RELEASE.jar:/home/leonardo/.m2/repository/org/springframework/boot/spring-boot-starter/2.1.0.RELEASE/spring-boot-starter-2.1.0.RELEASE.jar:/home/leonardo/.m2/repository/org/springframework/boot/spring-boot-starter-logging/2.1.0.RELEASE/spring-boot-starter-logging-2.1.0.RELEASE.jar:/home/leonardo/.m2/repository/ch/qos/logback/logback-classic/1.2.3/logback-classic-1.2.3.jar:/home/leonardo/.m2/repository/ch/qos/logback/logback-core/1.2.3/logback-core-1.2.3.jar:/home/leonardo/.m2/repository/org/apache/logging/log4j/log4j-to-slf4j/2.11.1/log4j-to-slf4j-2.11.1.jar:/home/leonardo/.m2/repository/org/apache/logging/log4j/log4j-api/2.11.1/log4j-api-2.11.1.jar:/home/leonardo/.m2/repository/org/slf4j/jul-to-slf4j/1.7.25/jul-to-slf4j-1.7.25.jar:/home/leonardo/.m2/repository/javax/annotation/javax.annotation-api/1.3.2/javax.annotation-api-1.3.2.jar:/home/leonardo/.m2/repository/org/yaml/snakeyaml/1.23/snakeyaml-1.23.jar:/home/leonardo/.m2/repository/org/thymeleaf/thymeleaf-spring5/3.0.11.RELEASE/thymeleaf-spring5-3.0.11.RELEASE.jar:/home/leonardo/.m2/repository/org/thymeleaf/thymeleaf/3.0.11.RELEASE/thymeleaf-3.0.11.RELEASE.jar:/home/leonardo/.m2/repository/org/attoparser/attoparser/2.0.5.RELEASE/attoparser-2.0.5.RELEASE.jar:/home/leonardo/.m2/repository/org/unbescape/unbescape/1.1.6.RELEASE/unbescape-1.1.6.RELEASE.jar:/home/leonardo/.m2/repository/org/thymeleaf/extras/thymeleaf-extras-java8time/3.0.1.RELEASE/thymeleaf-extras-java8time-3.0.1.RELEASE.jar:/home/leonardo/.m2/repository/org/springframework/boot/spring-boot-devtools/2.1.0.RELEASE/spring-boot-devtools-2.1.0.RELEASE.jar:/home/leonardo/.m2/repository/org/springframework/boot/spring-boot/2.1.0.RELEASE/spring-boot-2.1.0.RELEASE.jar:/home/leonardo/.m2/repository/org/springframework/spring-context/5.1.2
Launcher Type: SUN_STANDARD

Environment Variables:
JAVA_HOME=/usr/lib/jvm/jdk1.8.0_211
PATH=/home/leonardo/.local/bin:/usr/local/sbin:/usr/local/bin:/usr/sbin:/usr/bin:/sbin:/bin:/usr/games:/usr/local/games:/user/lib/jvm/jdk1.8.0_211/bin:/snap/bin
USERNAME=leonardo
SHELL=/bin/bash
DISPLAY=:0

Signal Handlers:
SIGSEGV: [libjvm.so+0xad3d90], sa_mask[0]=11111111011111111101111111111110, sa_flags=SA_RESTART|SA_SIGINFO
SIGBUS: [libjvm.so+0xad3d90], sa_mask[0]=11111111011111111101111111111110, sa_flags=SA_RESTART|SA_SIGINFO
SIGFPE: [libjvm.so+0x90b8b0], sa_mask[0]=11111111011111111101111111111110, sa_flags=SA_RESTART|SA_SIGINFO
SIGPIPE: [libjvm.so+0x90b8b0], sa_mask[0]=11111111011111111101111111111110, sa_flags=SA_RESTART|SA_SIGINFO
SIGXFSZ: [libjvm.so+0x90b8b0], sa_mask[0]=11111111011111111101111111111110, sa_flags=SA_RESTART|SA_SIGINFO
SIGILL: [libjvm.so+0x90b8b0], sa_mask[0]=11111111011111111101111111111110, sa_flags=SA_RESTART|SA_SIGINFO
SIGUSR1: SIG_DFL, sa_mask[0]=00000000000000000000000000000000, sa_flags=none
SIGUSR2: [libjvm.so+0x90b780], sa_mask[0]=00100000000000000000000000000000, sa_flags=SA_RESTART|SA_SIGINFO
SIGHUP: [libjvm.so+0x90bda0], sa_mask[0]=11111111011111111101111111111110, sa_flags=SA_RESTART|SA_SIGINFO
SIGINT: [libjvm.so+0x90bda0], sa_mask[0]=11111111011111111101111111111110, sa_flags=SA_RESTART|SA_SIGINFO
SIGTERM: [libjvm.so+0x90bda0], sa_mask[0]=11111111011111111101111111111110, sa_flags=SA_RESTART|SA_SIGINFO
SIGQUIT: [libjvm.so+0x90bda0], sa_mask[0]=11111111011111111101111111111110, sa_flags=SA_RESTART|SA_SIGINFO


---------------  S Y S T E M  ---------------

OS:DISTRIB_ID=Ubuntu
DISTRIB_RELEASE=18.04
DISTRIB_CODENAME=bionic
DISTRIB_DESCRIPTION="Ubuntu 18.04.3 LTS"

uname:Linux 5.0.0-29-generic #31~18.04.1-Ubuntu SMP Thu Sep 12 18:29:21 UTC 2019 x86_64
libc:glibc 2.27 NPTL 2.27 
rlimit: STACK 8192k, CORE 0k, NPROC 31662, NOFILE 1048576, AS infinity
load average:0,72 1,04 1,25

/proc/meminfo:
MemTotal:        8155456 kB
MemFree:          935364 kB
MemAvailable:    1877188 kB
Buffers:          148108 kB
Cached:          1024536 kB
SwapCached:         6184 kB
Active:          5035656 kB
Inactive:        1564396 kB
Active(anon):    4418276 kB
Inactive(anon):  1096792 kB
Active(file):     617380 kB
Inactive(file):   467604 kB
Unevictable:         120 kB
Mlocked:             120 kB
SwapTotal:       2097148 kB
SwapFree:        1764348 kB
Dirty:              1804 kB
Writeback:             0 kB
AnonPages:       5424556 kB
Mapped:           637196 kB
Shmem:             87828 kB
KReclaimable:     156668 kB
Slab:             350724 kB
SReclaimable:     156668 kB
SUnreclaim:       194056 kB
KernelStack:       24560 kB
PageTables:        74416 kB
NFS_Unstable:          0 kB
Bounce:                0 kB
WritebackTmp:          0 kB
CommitLimit:     6174876 kB
Committed_AS:   13531700 kB
VmallocTotal:   34359738367 kB
VmallocUsed:           0 kB
VmallocChunk:          0 kB
Percpu:            12288 kB
HardwareCorrupted:     0 kB
AnonHugePages:         0 kB
ShmemHugePages:        0 kB
ShmemPmdMapped:        0 kB
CmaTotal:              0 kB
CmaFree:               0 kB
HugePages_Total:       0
HugePages_Free:        0
HugePages_Rsvd:        0
HugePages_Surp:        0
Hugepagesize:       2048 kB
Hugetlb:               0 kB
DirectMap4k:      499200 kB
DirectMap2M:     7880704 kB

container (cgroup) information:
container_type: cgroupv1
cpu_cpuset_cpus: 0-7
cpu_memory_nodes: 0
active_processor_count: 8
cpu_quota: -1
cpu_period: 100000
cpu_shares: -1
memory_limit_in_bytes: -1
memory_and_swap_limit_in_bytes: -2
memory_soft_limit_in_bytes: -1
memory_usage_in_bytes: 6423478272
memory_max_usage_in_bytes: 7273803776


CPU:total 8 (initial active 8) (4 cores per cpu, 2 threads per core) family 6 model 26 stepping 5, cmov, cx8, fxsr, mmx, sse, sse2, sse3, ssse3, sse4.1, sse4.2, popcnt, ht, tsc, tscinvbit, tscinv

/proc/cpuinfo:
processor	: 0
vendor_id	: GenuineIntel
cpu family	: 6
model		: 26
model name	: Intel(R) Core(TM) i7 CPU         950  @ 3.07GHz
stepping	: 5
microcode	: 0x1d
cpu MHz		: 3074.229
cache size	: 8192 KB
physical id	: 0
siblings	: 8
core id		: 0
cpu cores	: 4
apicid		: 0
initial apicid	: 0
fpu		: yes
fpu_exception	: yes
cpuid level	: 11
wp		: yes
flags		: fpu vme de pse tsc msr pae mce cx8 apic sep mtrr pge mca cmov pat pse36 clflush dts acpi mmx fxsr sse sse2 ss ht tm pbe syscall nx rdtscp lm constant_tsc arch_perfmon pebs bts rep_good nopl xtopology nonstop_tsc cpuid aperfmperf pni dtes64 monitor ds_cpl vmx est tm2 ssse3 cx16 xtpr pdcm sse4_1 sse4_2 popcnt lahf_lm pti ssbd ibrs ibpb stibp tpr_shadow vnmi flexpriority ept vpid dtherm ida flush_l1d
bugs		: cpu_meltdown spectre_v1 spectre_v2 spec_store_bypass l1tf mds swapgs
bogomips	: 6148.45
clflush size	: 64
cache_alignment	: 64
address sizes	: 36 bits physical, 48 bits virtual
power management:

processor	: 1
vendor_id	: GenuineIntel
cpu family	: 6
model		: 26
model name	: Intel(R) Core(TM) i7 CPU         950  @ 3.07GHz
stepping	: 5
microcode	: 0x1d
cpu MHz		: 3074.228
cache size	: 8192 KB
physical id	: 0
siblings	: 8
core id		: 1
cpu cores	: 4
apicid		: 2
initial apicid	: 2
fpu		: yes
fpu_exception	: yes
cpuid level	: 11
wp		: yes
flags		: fpu vme de pse tsc msr pae mce cx8 apic sep mtrr pge mca cmov pat pse36 clflush dts acpi mmx fxsr sse sse2 ss ht tm pbe syscall nx rdtscp lm constant_tsc arch_perfmon pebs bts rep_good nopl xtopology nonstop_tsc cpuid aperfmperf pni dtes64 monitor ds_cpl vmx est tm2 ssse3 cx16 xtpr pdcm sse4_1 sse4_2 popcnt lahf_lm pti ssbd ibrs ibpb stibp tpr_shadow vnmi flexpriority ept vpid dtherm ida flush_l1d
bugs		: cpu_meltdown spectre_v1 spectre_v2 spec_store_bypass l1tf mds swapgs
bogomips	: 6148.45
clflush size	: 64
cache_alignment	: 64
address sizes	: 36 bits physical, 48 bits virtual
power management:

processor	: 2
vendor_id	: GenuineIntel
cpu family	: 6
model		: 26
model name	: Intel(R) Core(TM) i7 CPU         950  @ 3.07GHz
stepping	: 5
microcode	: 0x1d
cpu MHz		: 3074.228
cache size	: 8192 KB
physical id	: 0
siblings	: 8
core id		: 2
cpu cores	: 4
apicid		: 4
initial apicid	: 4
fpu		: yes
fpu_exception	: yes
cpuid level	: 11
wp		: yes
flags		: fpu vme de pse tsc msr pae mce cx8 apic sep mtrr pge mca cmov pat pse36 clflush dts acpi mmx fxsr sse sse2 ss ht tm pbe syscall nx rdtscp lm constant_tsc arch_perfmon pebs bts rep_good nopl xtopology nonstop_tsc cpuid aperfmperf pni dtes64 monitor ds_cpl vmx est tm2 ssse3 cx16 xtpr pdcm sse4_1 sse4_2 popcnt lahf_lm pti ssbd ibrs ibpb stibp tpr_shadow vnmi flexpriority ept vpid dtherm ida flush_l1d
bugs		: cpu_meltdown spectre_v1 spectre_v2 spec_store_bypass l1tf mds swapgs
bogomips	: 6148.45
clflush size	: 64
cache_alignment	: 64
address sizes	: 36 bits physical, 48 bits virtual
power management:

processor	: 3
vendor_id	: GenuineIntel
cpu family	: 6
model		: 26
model name	: Intel(R) Core(TM) i7 CPU         950  @ 3.07GHz
stepping	: 5
microcode	: 0x1d
cpu MHz		: 3074.228
cache size	: 8192 KB
physical id	: 0
siblings	: 8
core id		: 3
cpu cores	: 4
apicid		: 6
initial apicid	: 6
fpu		: yes
fpu_exception	: yes
cpuid level	: 11
wp		: yes
flags		: fpu vme de pse tsc msr pae mce cx8 apic sep mtrr pge mca cmov pat pse36 clflush dts acpi mmx fxsr sse sse2 ss ht tm pbe syscall nx rdtscp lm constant_tsc arch_perfmon pebs bts rep_good nopl xtopology nonstop_tsc cpuid aperfmperf pni dtes64 monitor ds_cpl vmx est tm2 ssse3 cx16 xtpr pdcm sse4_1 sse4_2 popcnt lahf_lm pti ssbd ibrs ibpb stibp tpr_shadow vnmi flexpriority ept vpid dtherm ida flush_l1d
bugs		: cpu_meltdown spectre_v1 spectre_v2 spec_store_bypass l1tf mds swapgs
bogomips	: 6148.45
clflush size	: 64
cache_alignment	: 64
address sizes	: 36 bits physical, 48 bits virtual
power management:

processor	: 4
vendor_id	: GenuineIntel
cpu family	: 6
model		: 26
model name	: Intel(R) Core(TM) i7 CPU         950  @ 3.07GHz
stepping	: 5
microcode	: 0x1d
cpu MHz		: 3074.228
cache size	: 8192 KB
physical id	: 0
siblings	: 8
core id		: 0
cpu cores	: 4
apicid		: 1
initial apicid	: 1
fpu		: yes
fpu_exception	: yes
cpuid level	: 11
wp		: yes
flags		: fpu vme de pse tsc msr pae mce cx8 apic sep mtrr pge mca cmov pat pse36 clflush dts acpi mmx fxsr sse sse2 ss ht tm pbe syscall nx rdtscp lm constant_tsc arch_perfmon pebs bts rep_good nopl xtopology nonstop_tsc cpuid aperfmperf pni dtes64 monitor ds_cpl vmx est tm2 ssse3 cx16 xtpr pdcm sse4_1 sse4_2 popcnt lahf_lm pti ssbd ibrs ibpb stibp tpr_shadow vnmi flexpriority ept vpid dtherm ida flush_l1d
bugs		: cpu_meltdown spectre_v1 spectre_v2 spec_store_bypass l1tf mds swapgs
bogomips	: 6148.45
clflush size	: 64
cache_alignment	: 64
address sizes	: 36 bits physical, 48 bits virtual
power management:

processor	: 5
vendor_id	: GenuineIntel
cpu family	: 6
model		: 26
model name	: Intel(R) Core(TM) i7 CPU         950  @ 3.07GHz
stepping	: 5
microcode	: 0x1d
cpu MHz		: 3074.229
cache size	: 8192 KB
physical id	: 0
siblings	: 8
core id		: 1
cpu cores	: 4
apicid		: 3
initial apicid	: 3
fpu		: yes
fpu_exception	: yes
cpuid level	: 11
wp		: yes
flags		: fpu vme de pse tsc msr pae mce cx8 apic sep mtrr pge mca cmov pat pse36 clflush dts acpi mmx fxsr sse sse2 ss ht tm pbe syscall nx rdtscp lm constant_tsc arch_perfmon pebs bts rep_good nopl xtopology nonstop_tsc cpuid aperfmperf pni dtes64 monitor ds_cpl vmx est tm2 ssse3 cx16 xtpr pdcm sse4_1 sse4_2 popcnt lahf_lm pti ssbd ibrs ibpb stibp tpr_shadow vnmi flexpriority ept vpid dtherm ida flush_l1d
bugs		: cpu_meltdown spectre_v1 spectre_v2 spec_store_bypass l1tf mds swapgs
bogomips	: 6148.45
clflush size	: 64
cache_alignment	: 64
address sizes	: 36 bits physical, 48 bits virtual
power management:

processor	: 6
vendor_id	: GenuineIntel
cpu family	: 6
model		: 26
model name	: Intel(R) Core(TM) i7 CPU         950  @ 3.07GHz
stepping	: 5
microcode	: 0x1d
cpu MHz		: 3074.229
cache size	: 8192 KB
physical id	: 0
siblings	: 8
core id		: 2
cpu cores	: 4
apicid		: 5
initial apicid	: 5
fpu		: yes
fpu_exception	: yes
cpuid level	: 11
wp		: yes
flags		: fpu vme de pse tsc msr pae mce cx8 apic sep mtrr pge mca cmov pat pse36 clflush dts acpi mmx fxsr sse sse2 ss ht tm pbe syscall nx rdtscp lm constant_tsc arch_perfmon pebs bts rep_good nopl xtopology nonstop_tsc cpuid aperfmperf pni dtes64 monitor ds_cpl vmx est tm2 ssse3 cx16 xtpr pdcm sse4_1 sse4_2 popcnt lahf_lm pti ssbd ibrs ibpb stibp tpr_shadow vnmi flexpriority ept vpid dtherm ida flush_l1d
bugs		: cpu_meltdown spectre_v1 spectre_v2 spec_store_bypass l1tf mds swapgs
bogomips	: 6148.45
clflush size	: 64
cache_alignment	: 64
address sizes	: 36 bits physical, 48 bits virtual
power management:

processor	: 7
vendor_id	: GenuineIntel
cpu family	: 6
model		: 26
model name	: Intel(R) Core(TM) i7 CPU         950  @ 3.07GHz
stepping	: 5
microcode	: 0x1d
cpu MHz		: 3074.228
cache size	: 8192 KB
physical id	: 0
siblings	: 8
core id		: 3
cpu cores	: 4
apicid		: 7
initial apicid	: 7
fpu		: yes
fpu_exception	: yes
cpuid level	: 11
wp		: yes
flags		: fpu vme de pse tsc msr pae mce cx8 apic sep mtrr pge mca cmov pat pse36 clflush dts acpi mmx fxsr sse sse2 ss ht tm pbe syscall nx rdtscp lm constant_tsc arch_perfmon pebs bts rep_good nopl xtopology nonstop_tsc cpuid aperfmperf pni dtes64 monitor ds_cpl vmx est tm2 ssse3 cx16 xtpr pdcm sse4_1 sse4_2 popcnt lahf_lm pti ssbd ibrs ibpb stibp tpr_shadow vnmi flexpriority ept vpid dtherm ida flush_l1d
bugs		: cpu_meltdown spectre_v1 spectre_v2 spec_store_bypass l1tf mds swapgs
bogomips	: 6148.45
clflush size	: 64
cache_alignment	: 64
address sizes	: 36 bits physical, 48 bits virtual
power management:



Memory: 4k page, physical 8155456k(935364k free), swap 2097148k(1764348k free)

vm_info: Java HotSpot(TM) 64-Bit Server VM (25.211-b12) for linux-amd64 JRE (1.8.0_211-b12), built on Apr  1 2019 20:39:34 by "java_re" with gcc 7.3.0

time: Sat Sep 21 23:09:12 2019
timezone: -03
elapsed time: 7 seconds (0d 0h 0m 7s)

